{"C:\\GitHub\\docspace\\client\\packages\\shared\\components\\aside\\Aside.styled.tsx": {"path":"C:\\GitHub\\docspace\\client\\packages\\shared\\components\\aside\\Aside.styled.tsx","statementMap":{"0":{"start":{"line":11,"column":18},"end":{"line":18,"column":61}},"1":{"start":{"line":18,"column":24},"end":{"line":18,"column":61}},"2":{"start":{"line":20,"column":20},"end":{"line":88,"column":1}},"3":{"start":{"line":21,"column":33},"end":{"line":21,"column":66}},"4":{"start":{"line":22,"column":23},"end":{"line":22,"column":47}},"5":{"start":{"line":25,"column":20},"end":{"line":25,"column":41}},"6":{"start":{"line":28,"column":4},"end":{"line":40,"column":9}},"7":{"start":{"line":42,"column":27},"end":{"line":42,"column":55}},"8":{"start":{"line":43,"column":23},"end":{"line":43,"column":53}},"9":{"start":{"line":44,"column":24},"end":{"line":44,"column":36}},"10":{"start":{"line":51,"column":6},"end":{"line":61,"column":11}},"11":{"start":{"line":71,"column":40},"end":{"line":71,"column":68}},"12":{"start":{"line":79,"column":6},"end":{"line":81,"column":41}},"13":{"start":{"line":85,"column":27},"end":{"line":85,"column":51}},"14":{"start":{"line":89,"column":0},"end":{"line":89,"column":43}},"15":{"start":{"line":91,"column":31},"end":{"line":138,"column":1}},"16":{"start":{"line":107,"column":4},"end":{"line":107,"column":79}},"17":{"start":{"line":115,"column":6},"end":{"line":117,"column":24}},"18":{"start":{"line":128,"column":6},"end":{"line":136,"column":11}},"19":{"start":{"line":140,"column":0},"end":{"line":140,"column":54}},"20":{"start":{"line":142,"column":24},"end":{"line":149,"column":1}},"21":{"start":{"line":147,"column":23},"end":{"line":147,"column":55}},"22":{"start":{"line":151,"column":0},"end":{"line":151,"column":47}}},"fnMap":{"0":{"name":"(anonymous_0)","decl":{"start":{"line":11,"column":18},"end":{"line":11,"column":19}},"loc":{"start":{"line":18,"column":24},"end":{"line":18,"column":61}},"line":18},"1":{"name":"(anonymous_1)","decl":{"start":{"line":21,"column":22},"end":{"line":21,"column":23}},"loc":{"start":{"line":21,"column":33},"end":{"line":21,"column":66}},"line":21},"2":{"name":"(anonymous_2)","decl":{"start":{"line":22,"column":12},"end":{"line":22,"column":13}},"loc":{"start":{"line":22,"column":23},"end":{"line":22,"column":47}},"line":22},"3":{"name":"(anonymous_3)","decl":{"start":{"line":25,"column":9},"end":{"line":25,"column":10}},"loc":{"start":{"line":25,"column":20},"end":{"line":25,"column":41}},"line":25},"4":{"name":"(anonymous_4)","decl":{"start":{"line":27,"column":4},"end":{"line":27,"column":5}},"loc":{"start":{"line":28,"column":4},"end":{"line":40,"column":9}},"line":28},"5":{"name":"(anonymous_5)","decl":{"start":{"line":42,"column":16},"end":{"line":42,"column":17}},"loc":{"start":{"line":42,"column":27},"end":{"line":42,"column":55}},"line":42},"6":{"name":"(anonymous_6)","decl":{"start":{"line":43,"column":11},"end":{"line":43,"column":12}},"loc":{"start":{"line":43,"column":23},"end":{"line":43,"column":53}},"line":43},"7":{"name":"(anonymous_7)","decl":{"start":{"line":44,"column":13},"end":{"line":44,"column":14}},"loc":{"start":{"line":44,"column":24},"end":{"line":44,"column":36}},"line":44},"8":{"name":"(anonymous_8)","decl":{"start":{"line":50,"column":6},"end":{"line":50,"column":7}},"loc":{"start":{"line":51,"column":6},"end":{"line":61,"column":11}},"line":51},"9":{"name":"(anonymous_9)","decl":{"start":{"line":71,"column":28},"end":{"line":71,"column":29}},"loc":{"start":{"line":71,"column":40},"end":{"line":71,"column":68}},"line":71},"10":{"name":"(anonymous_10)","decl":{"start":{"line":78,"column":22},"end":{"line":78,"column":23}},"loc":{"start":{"line":79,"column":6},"end":{"line":81,"column":41}},"line":79},"11":{"name":"(anonymous_11)","decl":{"start":{"line":85,"column":16},"end":{"line":85,"column":17}},"loc":{"start":{"line":85,"column":27},"end":{"line":85,"column":51}},"line":85},"12":{"name":"(anonymous_12)","decl":{"start":{"line":106,"column":4},"end":{"line":106,"column":5}},"loc":{"start":{"line":107,"column":4},"end":{"line":107,"column":79}},"line":107},"13":{"name":"(anonymous_13)","decl":{"start":{"line":114,"column":6},"end":{"line":114,"column":7}},"loc":{"start":{"line":115,"column":6},"end":{"line":117,"column":24}},"line":115},"14":{"name":"(anonymous_14)","decl":{"start":{"line":127,"column":6},"end":{"line":127,"column":7}},"loc":{"start":{"line":128,"column":6},"end":{"line":136,"column":11}},"line":128},"15":{"name":"(anonymous_15)","decl":{"start":{"line":147,"column":12},"end":{"line":147,"column":13}},"loc":{"start":{"line":147,"column":23},"end":{"line":147,"column":55}},"line":147}},"branchMap":{"0":{"loc":{"start":{"line":28,"column":4},"end":{"line":40,"column":9}},"type":"cond-expr","locations":[{"start":{"line":29,"column":8},"end":{"line":34,"column":9}},{"start":{"line":35,"column":8},"end":{"line":40,"column":9}}],"line":28},"1":{"loc":{"start":{"line":32,"column":14},"end":{"line":32,"column":68}},"type":"cond-expr","locations":[{"start":{"line":32,"column":30},"end":{"line":32,"column":33}},{"start":{"line":32,"column":36},"end":{"line":32,"column":68}}],"line":32},"2":{"loc":{"start":{"line":32,"column":36},"end":{"line":32,"column":68}},"type":"cond-expr","locations":[{"start":{"line":32,"column":50},"end":{"line":32,"column":57}},{"start":{"line":32,"column":60},"end":{"line":32,"column":68}}],"line":32},"3":{"loc":{"start":{"line":38,"column":14},"end":{"line":38,"column":66}},"type":"cond-expr","locations":[{"start":{"line":38,"column":30},"end":{"line":38,"column":33}},{"start":{"line":38,"column":36},"end":{"line":38,"column":66}}],"line":38},"4":{"loc":{"start":{"line":38,"column":36},"end":{"line":38,"column":66}},"type":"cond-expr","locations":[{"start":{"line":38,"column":50},"end":{"line":38,"column":56}},{"start":{"line":38,"column":59},"end":{"line":38,"column":66}}],"line":38},"5":{"loc":{"start":{"line":43,"column":23},"end":{"line":43,"column":53}},"type":"cond-expr","locations":[{"start":{"line":43,"column":37},"end":{"line":43,"column":43}},{"start":{"line":43,"column":46},"end":{"line":43,"column":53}}],"line":43},"6":{"loc":{"start":{"line":51,"column":6},"end":{"line":61,"column":11}},"type":"cond-expr","locations":[{"start":{"line":52,"column":10},"end":{"line":56,"column":11}},{"start":{"line":57,"column":10},"end":{"line":61,"column":11}}],"line":51},"7":{"loc":{"start":{"line":54,"column":16},"end":{"line":54,"column":70}},"type":"cond-expr","locations":[{"start":{"line":54,"column":32},"end":{"line":54,"column":35}},{"start":{"line":54,"column":38},"end":{"line":54,"column":70}}],"line":54},"8":{"loc":{"start":{"line":54,"column":38},"end":{"line":54,"column":70}},"type":"cond-expr","locations":[{"start":{"line":54,"column":52},"end":{"line":54,"column":59}},{"start":{"line":54,"column":62},"end":{"line":54,"column":70}}],"line":54},"9":{"loc":{"start":{"line":59,"column":16},"end":{"line":59,"column":68}},"type":"cond-expr","locations":[{"start":{"line":59,"column":32},"end":{"line":59,"column":35}},{"start":{"line":59,"column":38},"end":{"line":59,"column":68}}],"line":59},"10":{"loc":{"start":{"line":59,"column":38},"end":{"line":59,"column":68}},"type":"cond-expr","locations":[{"start":{"line":59,"column":52},"end":{"line":59,"column":58}},{"start":{"line":59,"column":61},"end":{"line":59,"column":68}}],"line":59},"11":{"loc":{"start":{"line":71,"column":40},"end":{"line":71,"column":68}},"type":"cond-expr","locations":[{"start":{"line":71,"column":56},"end":{"line":71,"column":59}},{"start":{"line":71,"column":62},"end":{"line":71,"column":68}}],"line":71},"12":{"loc":{"start":{"line":79,"column":6},"end":{"line":81,"column":41}},"type":"cond-expr","locations":[{"start":{"line":80,"column":10},"end":{"line":80,"column":36}},{"start":{"line":81,"column":10},"end":{"line":81,"column":41}}],"line":79},"13":{"loc":{"start":{"line":107,"column":4},"end":{"line":107,"column":79}},"type":"cond-expr","locations":[{"start":{"line":107,"column":47},"end":{"line":107,"column":62}},{"start":{"line":107,"column":65},"end":{"line":107,"column":79}}],"line":107},"14":{"loc":{"start":{"line":115,"column":6},"end":{"line":117,"column":24}},"type":"cond-expr","locations":[{"start":{"line":116,"column":10},"end":{"line":116,"column":25}},{"start":{"line":117,"column":10},"end":{"line":117,"column":24}}],"line":115},"15":{"loc":{"start":{"line":128,"column":6},"end":{"line":136,"column":11}},"type":"cond-expr","locations":[{"start":{"line":129,"column":10},"end":{"line":132,"column":11}},{"start":{"line":133,"column":10},"end":{"line":136,"column":11}}],"line":128}},"s":{"0":1,"1":1,"2":1,"3":1,"4":1,"5":1,"6":1,"7":1,"8":1,"9":1,"10":1,"11":1,"12":1,"13":1,"14":1,"15":1,"16":1,"17":1,"18":1,"19":1,"20":1,"21":1,"22":1},"f":{"0":1,"1":1,"2":1,"3":1,"4":1,"5":1,"6":1,"7":1,"8":1,"9":1,"10":1,"11":1,"12":1,"13":1,"14":1,"15":1},"b":{"0":[0,1],"1":[0,0],"2":[0,0],"3":[1,0],"4":[0,0],"5":[0,1],"6":[0,1],"7":[0,0],"8":[0,0],"9":[1,0],"10":[0,0],"11":[1,0],"12":[0,1],"13":[0,1],"14":[0,1],"15":[0,1]},"_coverageSchema":"1a1c01bbd47fc00a2c39e90264f33305004495a9","hash":"d07cff35b94e56f6e6e9f717de5d64eb68ce43d2"}
,"C:\\GitHub\\docspace\\client\\packages\\shared\\components\\aside\\index.tsx": {"path":"C:\\GitHub\\docspace\\client\\packages\\shared\\components\\aside\\index.tsx","statementMap":{"0":{"start":{"line":13,"column":18},"end":{"line":101,"column":1}},"1":{"start":{"line":23,"column":6},"end":{"line":23,"column":11}},"2":{"start":{"line":24,"column":25},"end":{"line":24,"column":59}},"3":{"start":{"line":25,"column":21},"end":{"line":25,"column":59}},"4":{"start":{"line":26,"column":18},"end":{"line":26,"column":51}},"5":{"start":{"line":27,"column":24},"end":{"line":27,"column":39}},"6":{"start":{"line":29,"column":19},"end":{"line":64,"column":3}},"7":{"start":{"line":31,"column":6},"end":{"line":31,"column":38}},"8":{"start":{"line":31,"column":31},"end":{"line":31,"column":38}},"9":{"start":{"line":33,"column":21},"end":{"line":33,"column":47}},"10":{"start":{"line":35,"column":6},"end":{"line":61,"column":7}},"11":{"start":{"line":36,"column":21},"end":{"line":36,"column":66}},"12":{"start":{"line":38,"column":8},"end":{"line":38,"column":47}},"13":{"start":{"line":40,"column":8},"end":{"line":40,"column":54}},"14":{"start":{"line":42,"column":8},"end":{"line":44,"column":13}},"15":{"start":{"line":46,"column":8},"end":{"line":46,"column":52}},"16":{"start":{"line":48,"column":8},"end":{"line":48,"column":31}},"17":{"start":{"line":49,"column":13},"end":{"line":61,"column":7}},"18":{"start":{"line":50,"column":21},"end":{"line":50,"column":79}},"19":{"start":{"line":52,"column":8},"end":{"line":53,"column":74}},"20":{"start":{"line":53,"column":10},"end":{"line":53,"column":74}},"21":{"start":{"line":55,"column":8},"end":{"line":58,"column":15}},"22":{"start":{"line":56,"column":10},"end":{"line":58,"column":15}},"23":{"start":{"line":60,"column":8},"end":{"line":60,"column":52}},"24":{"start":{"line":66,"column":2},"end":{"line":75,"column":17}},"25":{"start":{"line":67,"column":4},"end":{"line":70,"column":5}},"26":{"start":{"line":68,"column":6},"end":{"line":68,"column":66}},"27":{"start":{"line":69,"column":6},"end":{"line":69,"column":66}},"28":{"start":{"line":71,"column":4},"end":{"line":74,"column":6}},"29":{"start":{"line":72,"column":6},"end":{"line":72,"column":69}},"30":{"start":{"line":73,"column":6},"end":{"line":73,"column":69}},"31":{"start":{"line":77,"column":2},"end":{"line":100,"column":4}},"32":{"start":{"line":103,"column":0},"end":{"line":107,"column":2}},"33":{"start":{"line":109,"column":14},"end":{"line":109,"column":35}}},"fnMap":{"0":{"name":"(anonymous_0)","decl":{"start":{"line":13,"column":18},"end":{"line":13,"column":19}},"loc":{"start":{"line":13,"column":41},"end":{"line":101,"column":1}},"line":13},"1":{"name":"(anonymous_1)","decl":{"start":{"line":30,"column":4},"end":{"line":30,"column":5}},"loc":{"start":{"line":30,"column":18},"end":{"line":62,"column":5}},"line":30},"2":{"name":"(anonymous_2)","decl":{"start":{"line":66,"column":18},"end":{"line":66,"column":19}},"loc":{"start":{"line":66,"column":24},"end":{"line":75,"column":3}},"line":66},"3":{"name":"(anonymous_3)","decl":{"start":{"line":71,"column":11},"end":{"line":71,"column":12}},"loc":{"start":{"line":71,"column":17},"end":{"line":74,"column":5}},"line":71}},"branchMap":{"0":{"loc":{"start":{"line":31,"column":6},"end":{"line":31,"column":38}},"type":"if","locations":[{"start":{"line":31,"column":6},"end":{"line":31,"column":38}},{"start":{},"end":{}}],"line":31},"1":{"loc":{"start":{"line":35,"column":6},"end":{"line":61,"column":7}},"type":"if","locations":[{"start":{"line":35,"column":6},"end":{"line":61,"column":7}},{"start":{"line":49,"column":13},"end":{"line":61,"column":7}}],"line":35},"2":{"loc":{"start":{"line":49,"column":13},"end":{"line":61,"column":7}},"type":"if","locations":[{"start":{"line":49,"column":13},"end":{"line":61,"column":7}},{"start":{},"end":{}}],"line":49},"3":{"loc":{"start":{"line":50,"column":21},"end":{"line":50,"column":79}},"type":"cond-expr","locations":[{"start":{"line":50,"column":54},"end":{"line":50,"column":55}},{"start":{"line":50,"column":58},"end":{"line":50,"column":79}}],"line":50},"4":{"loc":{"start":{"line":52,"column":8},"end":{"line":53,"column":74}},"type":"if","locations":[{"start":{"line":52,"column":8},"end":{"line":53,"column":74}},{"start":{},"end":{}}],"line":52},"5":{"loc":{"start":{"line":55,"column":8},"end":{"line":58,"column":15}},"type":"if","locations":[{"start":{"line":55,"column":8},"end":{"line":58,"column":15}},{"start":{},"end":{}}],"line":55},"6":{"loc":{"start":{"line":67,"column":4},"end":{"line":70,"column":5}},"type":"if","locations":[{"start":{"line":67,"column":4},"end":{"line":70,"column":5}},{"start":{},"end":{}}],"line":67},"7":{"loc":{"start":{"line":67,"column":8},"end":{"line":67,"column":29}},"type":"binary-expr","locations":[{"start":{"line":67,"column":8},"end":{"line":67,"column":20}},{"start":{"line":67,"column":24},"end":{"line":67,"column":29}}],"line":67},"8":{"loc":{"start":{"line":88,"column":7},"end":{"line":92,"column":7}},"type":"cond-expr","locations":[{"start":{"line":89,"column":8},"end":{"line":89,"column":16}},{"start":{"line":91,"column":8},"end":{"line":91,"column":75}}],"line":88},"9":{"loc":{"start":{"line":94,"column":7},"end":{"line":98,"column":7}},"type":"binary-expr","locations":[{"start":{"line":94,"column":7},"end":{"line":94,"column":14}},{"start":{"line":95,"column":8},"end":{"line":97,"column":33}}],"line":94}},"s":{"0":1,"1":1,"2":1,"3":1,"4":1,"5":1,"6":1,"7":0,"8":0,"9":0,"10":0,"11":0,"12":0,"13":0,"14":0,"15":0,"16":0,"17":0,"18":0,"19":0,"20":0,"21":0,"22":0,"23":0,"24":1,"25":1,"26":0,"27":0,"28":1,"29":1,"30":1,"31":1,"32":1,"33":1},"f":{"0":1,"1":0,"2":1,"3":1},"b":{"0":[0,0],"1":[0,0],"2":[0,0],"3":[0,0],"4":[0,0],"5":[0,0],"6":[0,1],"7":[1,0],"8":[0,1],"9":[1,1]},"_coverageSchema":"1a1c01bbd47fc00a2c39e90264f33305004495a9","hash":"39f8246369dfe409010bdba1a61cc746f4cf1a4a"}
,"C:\\GitHub\\docspace\\client\\packages\\shared\\components\\avatar\\Avatar.enums.ts": {"path":"C:\\GitHub\\docspace\\client\\packages\\shared\\components\\avatar\\Avatar.enums.ts","statementMap":{},"fnMap":{},"branchMap":{},"s":{},"f":{},"b":{},"_coverageSchema":"1a1c01bbd47fc00a2c39e90264f33305004495a9","hash":"9a55b7e0a064b3ecec87d4f1bef575e132b1314c"}
,"C:\\GitHub\\docspace\\client\\packages\\shared\\components\\avatar\\Avatar.styled.ts": {"path":"C:\\GitHub\\docspace\\client\\packages\\shared\\components\\avatar\\Avatar.styled.ts","statementMap":{"0":{"start":{"line":10,"column":18},"end":{"line":13,"column":1}},"1":{"start":{"line":12,"column":30},"end":{"line":12,"column":67}},"2":{"start":{"line":14,"column":0},"end":{"line":14,"column":41}},"3":{"start":{"line":16,"column":22},"end":{"line":41,"column":1}},"4":{"start":{"line":21,"column":4},"end":{"line":23,"column":59}},"5":{"start":{"line":25,"column":23},"end":{"line":25,"column":62}},"6":{"start":{"line":27,"column":4},"end":{"line":27,"column":52}},"7":{"start":{"line":28,"column":30},"end":{"line":28,"column":75}},"8":{"start":{"line":29,"column":23},"end":{"line":29,"column":62}},"9":{"start":{"line":30,"column":22},"end":{"line":30,"column":60}},"10":{"start":{"line":37,"column":27},"end":{"line":37,"column":64}},"11":{"start":{"line":42,"column":0},"end":{"line":42,"column":45}},"12":{"start":{"line":44,"column":22},"end":{"line":65,"column":1}},"13":{"start":{"line":45,"column":30},"end":{"line":45,"column":76}},"14":{"start":{"line":46,"column":23},"end":{"line":46,"column":63}},"15":{"start":{"line":49,"column":4},"end":{"line":53,"column":54}},"16":{"start":{"line":56,"column":26},"end":{"line":56,"column":71}},"17":{"start":{"line":57,"column":24},"end":{"line":57,"column":67}},"18":{"start":{"line":59,"column":6},"end":{"line":59,"column":50}},"19":{"start":{"line":60,"column":25},"end":{"line":60,"column":69}},"20":{"start":{"line":62,"column":25},"end":{"line":62,"column":67}},"21":{"start":{"line":66,"column":0},"end":{"line":66,"column":45}},"22":{"start":{"line":68,"column":19},"end":{"line":69,"column":59}},"23":{"start":{"line":69,"column":2},"end":{"line":69,"column":59}},"24":{"start":{"line":70,"column":20},"end":{"line":71,"column":60}},"25":{"start":{"line":71,"column":2},"end":{"line":71,"column":60}},"26":{"start":{"line":73,"column":20},"end":{"line":106,"column":1}},"27":{"start":{"line":79,"column":4},"end":{"line":81,"column":37}},"28":{"start":{"line":83,"column":23},"end":{"line":83,"column":41}},"29":{"start":{"line":89,"column":4},"end":{"line":93,"column":10}},"30":{"start":{"line":95,"column":4},"end":{"line":99,"column":10}},"31":{"start":{"line":101,"column":4},"end":{"line":105,"column":10}},"32":{"start":{"line":107,"column":0},"end":{"line":107,"column":43}},"33":{"start":{"line":109,"column":22},"end":{"line":115,"column":51}},"34":{"start":{"line":115,"column":6},"end":{"line":115,"column":51}},"35":{"start":{"line":117,"column":20},"end":{"line":127,"column":1}},"36":{"start":{"line":119,"column":22},"end":{"line":119,"column":64}},"37":{"start":{"line":120,"column":21},"end":{"line":120,"column":62}},"38":{"start":{"line":121,"column":20},"end":{"line":121,"column":60}},"39":{"start":{"line":122,"column":26},"end":{"line":122,"column":72}},"40":{"start":{"line":123,"column":28},"end":{"line":123,"column":75}},"41":{"start":{"line":124,"column":26},"end":{"line":124,"column":78}},"42":{"start":{"line":129,"column":0},"end":{"line":129,"column":43}},"43":{"start":{"line":131,"column":20},"end":{"line":138,"column":1}},"44":{"start":{"line":132,"column":22},"end":{"line":132,"column":52}},"45":{"start":{"line":133,"column":23},"end":{"line":133,"column":54}},"46":{"start":{"line":134,"column":30},"end":{"line":134,"column":67}},"47":{"start":{"line":136,"column":24},"end":{"line":136,"column":74}},"48":{"start":{"line":139,"column":0},"end":{"line":139,"column":43}},"49":{"start":{"line":141,"column":26},"end":{"line":156,"column":1}},"50":{"start":{"line":153,"column":25},"end":{"line":153,"column":54}},"51":{"start":{"line":157,"column":0},"end":{"line":157,"column":49}},"52":{"start":{"line":159,"column":19},"end":{"line":160,"column":26}},"53":{"start":{"line":160,"column":2},"end":{"line":160,"column":26}},"54":{"start":{"line":161,"column":20},"end":{"line":162,"column":27}},"55":{"start":{"line":162,"column":2},"end":{"line":162,"column":27}},"56":{"start":{"line":164,"column":21},"end":{"line":209,"column":1}},"57":{"start":{"line":166,"column":22},"end":{"line":166,"column":39}},"58":{"start":{"line":167,"column":26},"end":{"line":167,"column":43}},"59":{"start":{"line":168,"column":23},"end":{"line":168,"column":41}},"60":{"start":{"line":169,"column":28},"end":{"line":169,"column":50}},"61":{"start":{"line":176,"column":25},"end":{"line":176,"column":62}},"62":{"start":{"line":179,"column":27},"end":{"line":179,"column":66}},"63":{"start":{"line":182,"column":25},"end":{"line":182,"column":63}},"64":{"start":{"line":188,"column":25},"end":{"line":188,"column":54}},"65":{"start":{"line":191,"column":27},"end":{"line":191,"column":58}},"66":{"start":{"line":194,"column":25},"end":{"line":194,"column":55}},"67":{"start":{"line":200,"column":25},"end":{"line":200,"column":54}},"68":{"start":{"line":203,"column":27},"end":{"line":203,"column":58}},"69":{"start":{"line":206,"column":25},"end":{"line":206,"column":55}},"70":{"start":{"line":210,"column":0},"end":{"line":210,"column":44}}},"fnMap":{"0":{"name":"(anonymous_0)","decl":{"start":{"line":12,"column":19},"end":{"line":12,"column":20}},"loc":{"start":{"line":12,"column":30},"end":{"line":12,"column":67}},"line":12},"1":{"name":"(anonymous_1)","decl":{"start":{"line":20,"column":4},"end":{"line":20,"column":5}},"loc":{"start":{"line":21,"column":4},"end":{"line":23,"column":59}},"line":21},"2":{"name":"(anonymous_2)","decl":{"start":{"line":25,"column":12},"end":{"line":25,"column":13}},"loc":{"start":{"line":25,"column":23},"end":{"line":25,"column":62}},"line":25},"3":{"name":"(anonymous_3)","decl":{"start":{"line":26,"column":22},"end":{"line":26,"column":23}},"loc":{"start":{"line":27,"column":4},"end":{"line":27,"column":52}},"line":27},"4":{"name":"(anonymous_4)","decl":{"start":{"line":28,"column":19},"end":{"line":28,"column":20}},"loc":{"start":{"line":28,"column":30},"end":{"line":28,"column":75}},"line":28},"5":{"name":"(anonymous_5)","decl":{"start":{"line":29,"column":12},"end":{"line":29,"column":13}},"loc":{"start":{"line":29,"column":23},"end":{"line":29,"column":62}},"line":29},"6":{"name":"(anonymous_6)","decl":{"start":{"line":30,"column":11},"end":{"line":30,"column":12}},"loc":{"start":{"line":30,"column":22},"end":{"line":30,"column":60}},"line":30},"7":{"name":"(anonymous_7)","decl":{"start":{"line":37,"column":16},"end":{"line":37,"column":17}},"loc":{"start":{"line":37,"column":27},"end":{"line":37,"column":64}},"line":37},"8":{"name":"(anonymous_8)","decl":{"start":{"line":45,"column":19},"end":{"line":45,"column":20}},"loc":{"start":{"line":45,"column":30},"end":{"line":45,"column":76}},"line":45},"9":{"name":"(anonymous_9)","decl":{"start":{"line":46,"column":12},"end":{"line":46,"column":13}},"loc":{"start":{"line":46,"column":23},"end":{"line":46,"column":63}},"line":46},"10":{"name":"(anonymous_10)","decl":{"start":{"line":48,"column":22},"end":{"line":48,"column":23}},"loc":{"start":{"line":49,"column":4},"end":{"line":53,"column":54}},"line":49},"11":{"name":"(anonymous_11)","decl":{"start":{"line":56,"column":15},"end":{"line":56,"column":16}},"loc":{"start":{"line":56,"column":26},"end":{"line":56,"column":71}},"line":56},"12":{"name":"(anonymous_12)","decl":{"start":{"line":57,"column":13},"end":{"line":57,"column":14}},"loc":{"start":{"line":57,"column":24},"end":{"line":57,"column":67}},"line":57},"13":{"name":"(anonymous_13)","decl":{"start":{"line":58,"column":14},"end":{"line":58,"column":15}},"loc":{"start":{"line":59,"column":6},"end":{"line":59,"column":50}},"line":59},"14":{"name":"(anonymous_14)","decl":{"start":{"line":60,"column":14},"end":{"line":60,"column":15}},"loc":{"start":{"line":60,"column":25},"end":{"line":60,"column":69}},"line":60},"15":{"name":"(anonymous_15)","decl":{"start":{"line":62,"column":14},"end":{"line":62,"column":15}},"loc":{"start":{"line":62,"column":25},"end":{"line":62,"column":67}},"line":62},"16":{"name":"(anonymous_16)","decl":{"start":{"line":68,"column":19},"end":{"line":68,"column":20}},"loc":{"start":{"line":69,"column":2},"end":{"line":69,"column":59}},"line":69},"17":{"name":"(anonymous_17)","decl":{"start":{"line":70,"column":20},"end":{"line":70,"column":21}},"loc":{"start":{"line":71,"column":2},"end":{"line":71,"column":60}},"line":71},"18":{"name":"(anonymous_18)","decl":{"start":{"line":78,"column":4},"end":{"line":78,"column":5}},"loc":{"start":{"line":79,"column":4},"end":{"line":81,"column":37}},"line":79},"19":{"name":"(anonymous_19)","decl":{"start":{"line":83,"column":12},"end":{"line":83,"column":13}},"loc":{"start":{"line":83,"column":23},"end":{"line":83,"column":41}},"line":83},"20":{"name":"(anonymous_20)","decl":{"start":{"line":88,"column":12},"end":{"line":88,"column":13}},"loc":{"start":{"line":89,"column":4},"end":{"line":93,"column":10}},"line":89},"21":{"name":"(anonymous_21)","decl":{"start":{"line":94,"column":11},"end":{"line":94,"column":12}},"loc":{"start":{"line":95,"column":4},"end":{"line":99,"column":10}},"line":95},"22":{"name":"(anonymous_22)","decl":{"start":{"line":100,"column":15},"end":{"line":100,"column":16}},"loc":{"start":{"line":101,"column":4},"end":{"line":105,"column":10}},"line":101},"23":{"name":"(anonymous_23)","decl":{"start":{"line":109,"column":22},"end":{"line":109,"column":23}},"loc":{"start":{"line":115,"column":6},"end":{"line":115,"column":51}},"line":115},"24":{"name":"(anonymous_24)","decl":{"start":{"line":119,"column":11},"end":{"line":119,"column":12}},"loc":{"start":{"line":119,"column":22},"end":{"line":119,"column":64}},"line":119},"25":{"name":"(anonymous_25)","decl":{"start":{"line":120,"column":10},"end":{"line":120,"column":11}},"loc":{"start":{"line":120,"column":21},"end":{"line":120,"column":62}},"line":120},"26":{"name":"(anonymous_26)","decl":{"start":{"line":121,"column":9},"end":{"line":121,"column":10}},"loc":{"start":{"line":121,"column":20},"end":{"line":121,"column":60}},"line":121},"27":{"name":"(anonymous_27)","decl":{"start":{"line":122,"column":15},"end":{"line":122,"column":16}},"loc":{"start":{"line":122,"column":26},"end":{"line":122,"column":72}},"line":122},"28":{"name":"(anonymous_28)","decl":{"start":{"line":123,"column":17},"end":{"line":123,"column":18}},"loc":{"start":{"line":123,"column":28},"end":{"line":123,"column":75}},"line":123},"29":{"name":"(anonymous_29)","decl":{"start":{"line":124,"column":15},"end":{"line":124,"column":16}},"loc":{"start":{"line":124,"column":26},"end":{"line":124,"column":78}},"line":124},"30":{"name":"(anonymous_30)","decl":{"start":{"line":132,"column":11},"end":{"line":132,"column":12}},"loc":{"start":{"line":132,"column":22},"end":{"line":132,"column":52}},"line":132},"31":{"name":"(anonymous_31)","decl":{"start":{"line":133,"column":12},"end":{"line":133,"column":13}},"loc":{"start":{"line":133,"column":23},"end":{"line":133,"column":54}},"line":133},"32":{"name":"(anonymous_32)","decl":{"start":{"line":134,"column":19},"end":{"line":134,"column":20}},"loc":{"start":{"line":134,"column":30},"end":{"line":134,"column":67}},"line":134},"33":{"name":"(anonymous_33)","decl":{"start":{"line":136,"column":13},"end":{"line":136,"column":14}},"loc":{"start":{"line":136,"column":24},"end":{"line":136,"column":74}},"line":136},"34":{"name":"(anonymous_34)","decl":{"start":{"line":153,"column":14},"end":{"line":153,"column":15}},"loc":{"start":{"line":153,"column":25},"end":{"line":153,"column":54}},"line":153},"35":{"name":"(anonymous_35)","decl":{"start":{"line":159,"column":19},"end":{"line":159,"column":20}},"loc":{"start":{"line":160,"column":2},"end":{"line":160,"column":26}},"line":160},"36":{"name":"(anonymous_36)","decl":{"start":{"line":161,"column":20},"end":{"line":161,"column":21}},"loc":{"start":{"line":162,"column":2},"end":{"line":162,"column":27}},"line":162},"37":{"name":"(anonymous_37)","decl":{"start":{"line":166,"column":11},"end":{"line":166,"column":12}},"loc":{"start":{"line":166,"column":22},"end":{"line":166,"column":39}},"line":166},"38":{"name":"(anonymous_38)","decl":{"start":{"line":167,"column":15},"end":{"line":167,"column":16}},"loc":{"start":{"line":167,"column":26},"end":{"line":167,"column":43}},"line":167},"39":{"name":"(anonymous_39)","decl":{"start":{"line":168,"column":12},"end":{"line":168,"column":13}},"loc":{"start":{"line":168,"column":23},"end":{"line":168,"column":41}},"line":168},"40":{"name":"(anonymous_40)","decl":{"start":{"line":169,"column":17},"end":{"line":169,"column":18}},"loc":{"start":{"line":169,"column":28},"end":{"line":169,"column":50}},"line":169},"41":{"name":"(anonymous_41)","decl":{"start":{"line":176,"column":14},"end":{"line":176,"column":15}},"loc":{"start":{"line":176,"column":25},"end":{"line":176,"column":62}},"line":176},"42":{"name":"(anonymous_42)","decl":{"start":{"line":179,"column":16},"end":{"line":179,"column":17}},"loc":{"start":{"line":179,"column":27},"end":{"line":179,"column":66}},"line":179},"43":{"name":"(anonymous_43)","decl":{"start":{"line":182,"column":14},"end":{"line":182,"column":15}},"loc":{"start":{"line":182,"column":25},"end":{"line":182,"column":63}},"line":182},"44":{"name":"(anonymous_44)","decl":{"start":{"line":188,"column":14},"end":{"line":188,"column":15}},"loc":{"start":{"line":188,"column":25},"end":{"line":188,"column":54}},"line":188},"45":{"name":"(anonymous_45)","decl":{"start":{"line":191,"column":16},"end":{"line":191,"column":17}},"loc":{"start":{"line":191,"column":27},"end":{"line":191,"column":58}},"line":191},"46":{"name":"(anonymous_46)","decl":{"start":{"line":194,"column":14},"end":{"line":194,"column":15}},"loc":{"start":{"line":194,"column":25},"end":{"line":194,"column":55}},"line":194},"47":{"name":"(anonymous_47)","decl":{"start":{"line":200,"column":14},"end":{"line":200,"column":15}},"loc":{"start":{"line":200,"column":25},"end":{"line":200,"column":54}},"line":200},"48":{"name":"(anonymous_48)","decl":{"start":{"line":203,"column":16},"end":{"line":203,"column":17}},"loc":{"start":{"line":203,"column":27},"end":{"line":203,"column":58}},"line":203},"49":{"name":"(anonymous_49)","decl":{"start":{"line":206,"column":14},"end":{"line":206,"column":15}},"loc":{"start":{"line":206,"column":25},"end":{"line":206,"column":55}},"line":206}},"branchMap":{"0":{"loc":{"start":{"line":21,"column":4},"end":{"line":23,"column":59}},"type":"cond-expr","locations":[{"start":{"line":22,"column":8},"end":{"line":22,"column":58}},{"start":{"line":23,"column":8},"end":{"line":23,"column":59}}],"line":21},"1":{"loc":{"start":{"line":49,"column":4},"end":{"line":53,"column":54}},"type":"cond-expr","locations":[{"start":{"line":50,"column":8},"end":{"line":50,"column":42}},{"start":{"line":51,"column":8},"end":{"line":53,"column":54}}],"line":49},"2":{"loc":{"start":{"line":51,"column":8},"end":{"line":53,"column":54}},"type":"cond-expr","locations":[{"start":{"line":52,"column":10},"end":{"line":52,"column":59}},{"start":{"line":53,"column":10},"end":{"line":53,"column":54}}],"line":51},"3":{"loc":{"start":{"line":79,"column":4},"end":{"line":81,"column":37}},"type":"cond-expr","locations":[{"start":{"line":80,"column":8},"end":{"line":80,"column":37}},{"start":{"line":81,"column":8},"end":{"line":81,"column":37}}],"line":79},"4":{"loc":{"start":{"line":89,"column":4},"end":{"line":93,"column":10}},"type":"binary-expr","locations":[{"start":{"line":89,"column":5},"end":{"line":89,"column":34}},{"start":{"line":90,"column":6},"end":{"line":90,"column":56}},{"start":{"line":91,"column":5},"end":{"line":91,"column":37}},{"start":{"line":92,"column":6},"end":{"line":92,"column":59}},{"start":{"line":93,"column":4},"end":{"line":93,"column":10}}],"line":89},"5":{"loc":{"start":{"line":95,"column":4},"end":{"line":99,"column":10}},"type":"binary-expr","locations":[{"start":{"line":95,"column":5},"end":{"line":95,"column":34}},{"start":{"line":96,"column":6},"end":{"line":96,"column":55}},{"start":{"line":97,"column":5},"end":{"line":97,"column":37}},{"start":{"line":98,"column":6},"end":{"line":98,"column":58}},{"start":{"line":99,"column":4},"end":{"line":99,"column":10}}],"line":95},"6":{"loc":{"start":{"line":101,"column":4},"end":{"line":105,"column":10}},"type":"binary-expr","locations":[{"start":{"line":101,"column":5},"end":{"line":101,"column":34}},{"start":{"line":102,"column":6},"end":{"line":102,"column":55}},{"start":{"line":103,"column":5},"end":{"line":103,"column":37}},{"start":{"line":104,"column":6},"end":{"line":104,"column":58}},{"start":{"line":105,"column":4},"end":{"line":105,"column":10}}],"line":101},"7":{"loc":{"start":{"line":136,"column":24},"end":{"line":136,"column":74}},"type":"binary-expr","locations":[{"start":{"line":136,"column":24},"end":{"line":136,"column":39}},{"start":{"line":136,"column":43},"end":{"line":136,"column":74}}],"line":136}},"s":{"0":1,"1":0,"2":1,"3":1,"4":0,"5":0,"6":0,"7":0,"8":0,"9":0,"10":0,"11":1,"12":1,"13":1,"14":1,"15":1,"16":1,"17":1,"18":1,"19":1,"20":1,"21":1,"22":1,"23":1,"24":1,"25":1,"26":1,"27":1,"28":1,"29":1,"30":1,"31":1,"32":1,"33":1,"34":1,"35":1,"36":1,"37":1,"38":1,"39":1,"40":1,"41":1,"42":1,"43":1,"44":0,"45":0,"46":0,"47":0,"48":1,"49":1,"50":0,"51":1,"52":1,"53":2,"54":1,"55":1,"56":1,"57":1,"58":1,"59":1,"60":1,"61":1,"62":1,"63":1,"64":1,"65":1,"66":1,"67":1,"68":1,"69":1,"70":1},"f":{"0":0,"1":0,"2":0,"3":0,"4":0,"5":0,"6":0,"7":0,"8":1,"9":1,"10":1,"11":1,"12":1,"13":1,"14":1,"15":1,"16":1,"17":1,"18":1,"19":1,"20":1,"21":1,"22":1,"23":1,"24":1,"25":1,"26":1,"27":1,"28":1,"29":1,"30":0,"31":0,"32":0,"33":0,"34":0,"35":2,"36":1,"37":1,"38":1,"39":1,"40":1,"41":1,"42":1,"43":1,"44":1,"45":1,"46":1,"47":1,"48":1,"49":1},"b":{"0":[0,0],"1":[0,1],"2":[1,0],"3":[0,1],"4":[1,1,0,0,0],"5":[1,1,0,0,0],"6":[1,1,0,0,0],"7":[0,0]},"_coverageSchema":"1a1c01bbd47fc00a2c39e90264f33305004495a9","hash":"8f001ee799796806cbc17ffd29e739f160fa2309"}
,"C:\\GitHub\\docspace\\client\\packages\\shared\\components\\avatar\\index.tsx": {"path":"C:\\GitHub\\docspace\\client\\packages\\shared\\components\\avatar\\index.tsx","statementMap":{"0":{"start":{"line":33,"column":32},"end":{"line":35,"column":1}},"1":{"start":{"line":36,"column":24},"end":{"line":38,"column":1}},"2":{"start":{"line":39,"column":20},"end":{"line":55,"column":1}},"3":{"start":{"line":40,"column":2},"end":{"line":54,"column":3}},"4":{"start":{"line":42,"column":6},"end":{"line":47,"column":8}},"5":{"start":{"line":49,"column":6},"end":{"line":51,"column":8}},"6":{"start":{"line":53,"column":6},"end":{"line":53,"column":18}},"7":{"start":{"line":57,"column":20},"end":{"line":64,"column":20}},"8":{"start":{"line":58,"column":2},"end":{"line":64,"column":20}},"9":{"start":{"line":61,"column":43},"end":{"line":61,"column":71}},"10":{"start":{"line":66,"column":17},"end":{"line":72,"column":68}},"11":{"start":{"line":72,"column":6},"end":{"line":72,"column":68}},"12":{"start":{"line":74,"column":19},"end":{"line":165,"column":1}},"13":{"start":{"line":86,"column":23},"end":{"line":86,"column":33}},"14":{"start":{"line":88,"column":29},"end":{"line":88,"column":61}},"15":{"start":{"line":90,"column":18},"end":{"line":90,"column":23}},"16":{"start":{"line":91,"column":15},"end":{"line":91,"column":20}},"17":{"start":{"line":93,"column":2},"end":{"line":94,"column":51}},"18":{"start":{"line":93,"column":46},"end":{"line":93,"column":63}},"19":{"start":{"line":94,"column":7},"end":{"line":94,"column":51}},"20":{"start":{"line":94,"column":37},"end":{"line":94,"column":51}},"21":{"start":{"line":96,"column":24},"end":{"line":110,"column":3}},"22":{"start":{"line":112,"column":19},"end":{"line":112,"column":36}},"23":{"start":{"line":114,"column":26},"end":{"line":114,"column":75}},"24":{"start":{"line":115,"column":23},"end":{"line":115,"column":70}},"25":{"start":{"line":117,"column":28},"end":{"line":121,"column":46}},"26":{"start":{"line":121,"column":8},"end":{"line":121,"column":46}},"27":{"start":{"line":123,"column":2},"end":{"line":164,"column":4}},"28":{"start":{"line":167,"column":15},"end":{"line":167,"column":31}}},"fnMap":{"0":{"name":"(anonymous_0)","decl":{"start":{"line":39,"column":20},"end":{"line":39,"column":21}},"loc":{"start":{"line":39,"column":42},"end":{"line":55,"column":1}},"line":39},"1":{"name":"(anonymous_1)","decl":{"start":{"line":57,"column":20},"end":{"line":57,"column":21}},"loc":{"start":{"line":58,"column":2},"end":{"line":64,"column":20}},"line":58},"2":{"name":"(anonymous_2)","decl":{"start":{"line":61,"column":6},"end":{"line":61,"column":7}},"loc":{"start":{"line":61,"column":43},"end":{"line":61,"column":71}},"line":61},"3":{"name":"(anonymous_3)","decl":{"start":{"line":66,"column":17},"end":{"line":66,"column":18}},"loc":{"start":{"line":72,"column":6},"end":{"line":72,"column":68}},"line":72},"4":{"name":"(anonymous_4)","decl":{"start":{"line":74,"column":19},"end":{"line":74,"column":20}},"loc":{"start":{"line":85,"column":19},"end":{"line":165,"column":1}},"line":85},"5":{"name":"(anonymous_5)","decl":{"start":{"line":117,"column":28},"end":{"line":117,"column":29}},"loc":{"start":{"line":121,"column":8},"end":{"line":121,"column":46}},"line":121}},"branchMap":{"0":{"loc":{"start":{"line":40,"column":2},"end":{"line":54,"column":3}},"type":"switch","locations":[{"start":{"line":41,"column":4},"end":{"line":47,"column":8}},{"start":{"line":48,"column":4},"end":{"line":51,"column":8}},{"start":{"line":52,"column":4},"end":{"line":53,"column":18}}],"line":40},"1":{"loc":{"start":{"line":81,"column":2},"end":{"line":81,"column":25}},"type":"default-arg","locations":[{"start":{"line":81,"column":20},"end":{"line":81,"column":25}}],"line":81},"2":{"loc":{"start":{"line":93,"column":2},"end":{"line":94,"column":51}},"type":"if","locations":[{"start":{"line":93,"column":2},"end":{"line":94,"column":51}},{"start":{"line":94,"column":7},"end":{"line":94,"column":51}}],"line":93},"3":{"loc":{"start":{"line":94,"column":7},"end":{"line":94,"column":51}},"type":"if","locations":[{"start":{"line":94,"column":7},"end":{"line":94,"column":51}},{"start":{},"end":{}}],"line":94},"4":{"loc":{"start":{"line":96,"column":24},"end":{"line":110,"column":3}},"type":"cond-expr","locations":[{"start":{"line":97,"column":4},"end":{"line":103,"column":5}},{"start":{"line":104,"column":6},"end":{"line":110,"column":3}}],"line":96},"5":{"loc":{"start":{"line":97,"column":4},"end":{"line":103,"column":5}},"type":"cond-expr","locations":[{"start":{"line":98,"column":6},"end":{"line":100,"column":26}},{"start":{"line":102,"column":6},"end":{"line":102,"column":56}}],"line":97},"6":{"loc":{"start":{"line":104,"column":6},"end":{"line":110,"column":3}},"type":"cond-expr","locations":[{"start":{"line":105,"column":4},"end":{"line":105,"column":48}},{"start":{"line":106,"column":6},"end":{"line":110,"column":3}}],"line":104},"7":{"loc":{"start":{"line":106,"column":6},"end":{"line":110,"column":3}},"type":"cond-expr","locations":[{"start":{"line":107,"column":4},"end":{"line":107,"column":29}},{"start":{"line":109,"column":4},"end":{"line":109,"column":43}}],"line":106},"8":{"loc":{"start":{"line":114,"column":26},"end":{"line":114,"column":75}},"type":"cond-expr","locations":[{"start":{"line":114,"column":40},"end":{"line":114,"column":70}},{"start":{"line":114,"column":73},"end":{"line":114,"column":75}}],"line":114},"9":{"loc":{"start":{"line":115,"column":23},"end":{"line":115,"column":70}},"type":"cond-expr","locations":[{"start":{"line":115,"column":54},"end":{"line":115,"column":60}},{"start":{"line":115,"column":63},"end":{"line":115,"column":70}}],"line":115},"10":{"loc":{"start":{"line":127,"column":18},"end":{"line":127,"column":32}},"type":"binary-expr","locations":[{"start":{"line":127,"column":18},"end":{"line":127,"column":26}},{"start":{"line":127,"column":30},"end":{"line":127,"column":32}}],"line":127},"11":{"loc":{"start":{"line":132,"column":7},"end":{"line":162,"column":7}},"type":"cond-expr","locations":[{"start":{"line":133,"column":8},"end":{"line":140,"column":24}},{"start":{"line":142,"column":8},"end":{"line":161,"column":9}}],"line":132},"12":{"loc":{"start":{"line":132,"column":7},"end":{"line":132,"column":32}},"type":"binary-expr","locations":[{"start":{"line":132,"column":7},"end":{"line":132,"column":14}},{"start":{"line":132,"column":18},"end":{"line":132,"column":32}}],"line":132},"13":{"loc":{"start":{"line":142,"column":8},"end":{"line":161,"column":9}},"type":"binary-expr","locations":[{"start":{"line":142,"column":8},"end":{"line":142,"column":21}},{"start":{"line":143,"column":10},"end":{"line":160,"column":13}}],"line":142},"14":{"loc":{"start":{"line":152,"column":13},"end":{"line":159,"column":13}},"type":"binary-expr","locations":[{"start":{"line":152,"column":13},"end":{"line":152,"column":24}},{"start":{"line":153,"column":14},"end":{"line":158,"column":16}}],"line":152}},"s":{"0":1,"1":1,"2":1,"3":1,"4":0,"5":0,"6":1,"7":1,"8":1,"9":2,"10":1,"11":1,"12":1,"13":1,"14":1,"15":1,"16":1,"17":1,"18":0,"19":1,"20":0,"21":1,"22":1,"23":1,"24":1,"25":1,"26":0,"27":1,"28":1},"f":{"0":1,"1":1,"2":2,"3":1,"4":1,"5":0},"b":{"0":[0,0,1],"1":[1],"2":[0,1],"3":[0,1],"4":[0,1],"5":[0,0],"6":[1,0],"7":[0,0],"8":[0,1],"9":[0,1],"10":[1,0],"11":[0,1],"12":[1,0],"13":[1,1],"14":[1,0]},"_coverageSchema":"1a1c01bbd47fc00a2c39e90264f33305004495a9","hash":"40bce57f5c62f1777dffd654362d1781f59e450d"}
,"C:\\GitHub\\docspace\\client\\packages\\shared\\components\\avatar\\svg\\index.ts": {"path":"C:\\GitHub\\docspace\\client\\packages\\shared\\components\\avatar\\svg\\index.ts","statementMap":{},"fnMap":{},"branchMap":{},"s":{},"f":{},"b":{},"_coverageSchema":"1a1c01bbd47fc00a2c39e90264f33305004495a9","hash":"972acde41d6aa3b428e3fcf21c77864034f12063"}
,"C:\\GitHub\\docspace\\client\\packages\\shared\\components\\box\\Box.styled.ts": {"path":"C:\\GitHub\\docspace\\client\\packages\\shared\\components\\box\\Box.styled.ts","statementMap":{"0":{"start":{"line":11,"column":26},"end":{"line":12,"column":35}},"1":{"start":{"line":12,"column":2},"end":{"line":12,"column":35}},"2":{"start":{"line":13,"column":24},"end":{"line":13,"column":77}},"3":{"start":{"line":13,"column":48},"end":{"line":13,"column":77}},"4":{"start":{"line":14,"column":23},"end":{"line":14,"column":73}},"5":{"start":{"line":14,"column":46},"end":{"line":14,"column":73}},"6":{"start":{"line":15,"column":24},"end":{"line":16,"column":34}},"7":{"start":{"line":16,"column":2},"end":{"line":16,"column":34}},"8":{"start":{"line":18,"column":20},"end":{"line":63,"column":1}},"9":{"start":{"line":24,"column":17},"end":{"line":24,"column":19}},"10":{"start":{"line":26,"column":2},"end":{"line":28,"column":3}},"11":{"start":{"line":27,"column":4},"end":{"line":27,"column":36}},"12":{"start":{"line":30,"column":2},"end":{"line":36,"column":6}},"13":{"start":{"line":31,"column":4},"end":{"line":36,"column":6}},"14":{"start":{"line":38,"column":2},"end":{"line":44,"column":6}},"15":{"start":{"line":39,"column":4},"end":{"line":44,"column":6}},"16":{"start":{"line":46,"column":2},"end":{"line":52,"column":6}},"17":{"start":{"line":47,"column":4},"end":{"line":52,"column":6}},"18":{"start":{"line":54,"column":2},"end":{"line":60,"column":6}},"19":{"start":{"line":55,"column":4},"end":{"line":60,"column":6}},"20":{"start":{"line":62,"column":2},"end":{"line":62,"column":27}},"21":{"start":{"line":65,"column":21},"end":{"line":65,"column":72}},"22":{"start":{"line":65,"column":46},"end":{"line":65,"column":72}},"23":{"start":{"line":66,"column":23},"end":{"line":66,"column":73}},"24":{"start":{"line":66,"column":46},"end":{"line":66,"column":73}},"25":{"start":{"line":67,"column":27},"end":{"line":68,"column":37}},"26":{"start":{"line":68,"column":2},"end":{"line":68,"column":37}},"27":{"start":{"line":69,"column":18},"end":{"line":69,"column":60}},"28":{"start":{"line":69,"column":40},"end":{"line":69,"column":60}},"29":{"start":{"line":70,"column":22},"end":{"line":70,"column":69}},"30":{"start":{"line":70,"column":44},"end":{"line":70,"column":69}},"31":{"start":{"line":71,"column":22},"end":{"line":71,"column":69}},"32":{"start":{"line":71,"column":44},"end":{"line":71,"column":69}},"33":{"start":{"line":72,"column":20},"end":{"line":72,"column":68}},"34":{"start":{"line":72,"column":44},"end":{"line":72,"column":68}},"35":{"start":{"line":73,"column":28},"end":{"line":74,"column":39}},"36":{"start":{"line":74,"column":2},"end":{"line":74,"column":39}},"37":{"start":{"line":75,"column":26},"end":{"line":76,"column":35}},"38":{"start":{"line":76,"column":2},"end":{"line":76,"column":35}},"39":{"start":{"line":77,"column":25},"end":{"line":78,"column":33}},"40":{"start":{"line":78,"column":2},"end":{"line":78,"column":33}},"41":{"start":{"line":79,"column":20},"end":{"line":79,"column":68}},"42":{"start":{"line":79,"column":44},"end":{"line":79,"column":68}},"43":{"start":{"line":80,"column":22},"end":{"line":80,"column":76}},"44":{"start":{"line":80,"column":48},"end":{"line":80,"column":76}},"45":{"start":{"line":81,"column":21},"end":{"line":81,"column":72}},"46":{"start":{"line":81,"column":46},"end":{"line":81,"column":72}},"47":{"start":{"line":82,"column":23},"end":{"line":82,"column":73}},"48":{"start":{"line":82,"column":46},"end":{"line":82,"column":73}},"49":{"start":{"line":83,"column":19},"end":{"line":83,"column":64}},"50":{"start":{"line":83,"column":42},"end":{"line":83,"column":64}},"51":{"start":{"line":85,"column":18},"end":{"line":143,"column":1}},"52":{"start":{"line":86,"column":15},"end":{"line":86,"column":74}},"53":{"start":{"line":88,"column":15},"end":{"line":88,"column":68}},"54":{"start":{"line":90,"column":15},"end":{"line":90,"column":65}},"55":{"start":{"line":92,"column":15},"end":{"line":92,"column":76}},"56":{"start":{"line":94,"column":4},"end":{"line":95,"column":65}},"57":{"start":{"line":98,"column":15},"end":{"line":98,"column":67}},"58":{"start":{"line":100,"column":15},"end":{"line":100,"column":65}},"59":{"start":{"line":102,"column":15},"end":{"line":102,"column":77}},"60":{"start":{"line":104,"column":15},"end":{"line":104,"column":58}},"61":{"start":{"line":106,"column":15},"end":{"line":106,"column":62}},"62":{"start":{"line":108,"column":15},"end":{"line":108,"column":62}},"63":{"start":{"line":110,"column":15},"end":{"line":110,"column":64}},"64":{"start":{"line":112,"column":4},"end":{"line":112,"column":69}},"65":{"start":{"line":114,"column":15},"end":{"line":114,"column":74}},"66":{"start":{"line":116,"column":15},"end":{"line":116,"column":71}},"67":{"start":{"line":118,"column":4},"end":{"line":124,"column":5}},"68":{"start":{"line":127,"column":15},"end":{"line":127,"column":70}},"69":{"start":{"line":129,"column":4},"end":{"line":135,"column":5}},"70":{"start":{"line":137,"column":4},"end":{"line":140,"column":5}},"71":{"start":{"line":142,"column":15},"end":{"line":142,"column":61}}},"fnMap":{"0":{"name":"(anonymous_0)","decl":{"start":{"line":11,"column":26},"end":{"line":11,"column":27}},"loc":{"start":{"line":12,"column":2},"end":{"line":12,"column":35}},"line":12},"1":{"name":"(anonymous_1)","decl":{"start":{"line":13,"column":24},"end":{"line":13,"column":25}},"loc":{"start":{"line":13,"column":48},"end":{"line":13,"column":77}},"line":13},"2":{"name":"(anonymous_2)","decl":{"start":{"line":14,"column":23},"end":{"line":14,"column":24}},"loc":{"start":{"line":14,"column":46},"end":{"line":14,"column":73}},"line":14},"3":{"name":"(anonymous_3)","decl":{"start":{"line":15,"column":24},"end":{"line":15,"column":25}},"loc":{"start":{"line":16,"column":2},"end":{"line":16,"column":34}},"line":16},"4":{"name":"(anonymous_4)","decl":{"start":{"line":18,"column":20},"end":{"line":18,"column":21}},"loc":{"start":{"line":23,"column":5},"end":{"line":63,"column":1}},"line":23},"5":{"name":"(anonymous_5)","decl":{"start":{"line":65,"column":21},"end":{"line":65,"column":22}},"loc":{"start":{"line":65,"column":46},"end":{"line":65,"column":72}},"line":65},"6":{"name":"(anonymous_6)","decl":{"start":{"line":66,"column":23},"end":{"line":66,"column":24}},"loc":{"start":{"line":66,"column":46},"end":{"line":66,"column":73}},"line":66},"7":{"name":"(anonymous_7)","decl":{"start":{"line":67,"column":27},"end":{"line":67,"column":28}},"loc":{"start":{"line":68,"column":2},"end":{"line":68,"column":37}},"line":68},"8":{"name":"(anonymous_8)","decl":{"start":{"line":69,"column":18},"end":{"line":69,"column":19}},"loc":{"start":{"line":69,"column":40},"end":{"line":69,"column":60}},"line":69},"9":{"name":"(anonymous_9)","decl":{"start":{"line":70,"column":22},"end":{"line":70,"column":23}},"loc":{"start":{"line":70,"column":44},"end":{"line":70,"column":69}},"line":70},"10":{"name":"(anonymous_10)","decl":{"start":{"line":71,"column":22},"end":{"line":71,"column":23}},"loc":{"start":{"line":71,"column":44},"end":{"line":71,"column":69}},"line":71},"11":{"name":"(anonymous_11)","decl":{"start":{"line":72,"column":20},"end":{"line":72,"column":21}},"loc":{"start":{"line":72,"column":44},"end":{"line":72,"column":68}},"line":72},"12":{"name":"(anonymous_12)","decl":{"start":{"line":73,"column":28},"end":{"line":73,"column":29}},"loc":{"start":{"line":74,"column":2},"end":{"line":74,"column":39}},"line":74},"13":{"name":"(anonymous_13)","decl":{"start":{"line":75,"column":26},"end":{"line":75,"column":27}},"loc":{"start":{"line":76,"column":2},"end":{"line":76,"column":35}},"line":76},"14":{"name":"(anonymous_14)","decl":{"start":{"line":77,"column":25},"end":{"line":77,"column":26}},"loc":{"start":{"line":78,"column":2},"end":{"line":78,"column":33}},"line":78},"15":{"name":"(anonymous_15)","decl":{"start":{"line":79,"column":20},"end":{"line":79,"column":21}},"loc":{"start":{"line":79,"column":44},"end":{"line":79,"column":68}},"line":79},"16":{"name":"(anonymous_16)","decl":{"start":{"line":80,"column":22},"end":{"line":80,"column":23}},"loc":{"start":{"line":80,"column":48},"end":{"line":80,"column":76}},"line":80},"17":{"name":"(anonymous_17)","decl":{"start":{"line":81,"column":21},"end":{"line":81,"column":22}},"loc":{"start":{"line":81,"column":46},"end":{"line":81,"column":72}},"line":81},"18":{"name":"(anonymous_18)","decl":{"start":{"line":82,"column":23},"end":{"line":82,"column":24}},"loc":{"start":{"line":82,"column":46},"end":{"line":82,"column":73}},"line":82},"19":{"name":"(anonymous_19)","decl":{"start":{"line":83,"column":19},"end":{"line":83,"column":20}},"loc":{"start":{"line":83,"column":42},"end":{"line":83,"column":64}},"line":83},"20":{"name":"(anonymous_20)","decl":{"start":{"line":86,"column":4},"end":{"line":86,"column":5}},"loc":{"start":{"line":86,"column":15},"end":{"line":86,"column":74}},"line":86},"21":{"name":"(anonymous_21)","decl":{"start":{"line":88,"column":4},"end":{"line":88,"column":5}},"loc":{"start":{"line":88,"column":15},"end":{"line":88,"column":68}},"line":88},"22":{"name":"(anonymous_22)","decl":{"start":{"line":90,"column":4},"end":{"line":90,"column":5}},"loc":{"start":{"line":90,"column":15},"end":{"line":90,"column":65}},"line":90},"23":{"name":"(anonymous_23)","decl":{"start":{"line":92,"column":4},"end":{"line":92,"column":5}},"loc":{"start":{"line":92,"column":15},"end":{"line":92,"column":76}},"line":92},"24":{"name":"(anonymous_24)","decl":{"start":{"line":93,"column":4},"end":{"line":93,"column":5}},"loc":{"start":{"line":94,"column":4},"end":{"line":95,"column":65}},"line":94},"25":{"name":"(anonymous_25)","decl":{"start":{"line":98,"column":4},"end":{"line":98,"column":5}},"loc":{"start":{"line":98,"column":15},"end":{"line":98,"column":67}},"line":98},"26":{"name":"(anonymous_26)","decl":{"start":{"line":100,"column":4},"end":{"line":100,"column":5}},"loc":{"start":{"line":100,"column":15},"end":{"line":100,"column":65}},"line":100},"27":{"name":"(anonymous_27)","decl":{"start":{"line":102,"column":4},"end":{"line":102,"column":5}},"loc":{"start":{"line":102,"column":15},"end":{"line":102,"column":77}},"line":102},"28":{"name":"(anonymous_28)","decl":{"start":{"line":104,"column":4},"end":{"line":104,"column":5}},"loc":{"start":{"line":104,"column":15},"end":{"line":104,"column":58}},"line":104},"29":{"name":"(anonymous_29)","decl":{"start":{"line":106,"column":4},"end":{"line":106,"column":5}},"loc":{"start":{"line":106,"column":15},"end":{"line":106,"column":62}},"line":106},"30":{"name":"(anonymous_30)","decl":{"start":{"line":108,"column":4},"end":{"line":108,"column":5}},"loc":{"start":{"line":108,"column":15},"end":{"line":108,"column":62}},"line":108},"31":{"name":"(anonymous_31)","decl":{"start":{"line":110,"column":4},"end":{"line":110,"column":5}},"loc":{"start":{"line":110,"column":15},"end":{"line":110,"column":64}},"line":110},"32":{"name":"(anonymous_32)","decl":{"start":{"line":111,"column":4},"end":{"line":111,"column":5}},"loc":{"start":{"line":112,"column":4},"end":{"line":112,"column":69}},"line":112},"33":{"name":"(anonymous_33)","decl":{"start":{"line":114,"column":4},"end":{"line":114,"column":5}},"loc":{"start":{"line":114,"column":15},"end":{"line":114,"column":74}},"line":114},"34":{"name":"(anonymous_34)","decl":{"start":{"line":116,"column":4},"end":{"line":116,"column":5}},"loc":{"start":{"line":116,"column":15},"end":{"line":116,"column":71}},"line":116},"35":{"name":"(anonymous_35)","decl":{"start":{"line":117,"column":4},"end":{"line":117,"column":5}},"loc":{"start":{"line":118,"column":4},"end":{"line":124,"column":5}},"line":118},"36":{"name":"(anonymous_36)","decl":{"start":{"line":127,"column":4},"end":{"line":127,"column":5}},"loc":{"start":{"line":127,"column":15},"end":{"line":127,"column":70}},"line":127},"37":{"name":"(anonymous_37)","decl":{"start":{"line":128,"column":4},"end":{"line":128,"column":5}},"loc":{"start":{"line":129,"column":4},"end":{"line":135,"column":5}},"line":129},"38":{"name":"(anonymous_38)","decl":{"start":{"line":136,"column":4},"end":{"line":136,"column":5}},"loc":{"start":{"line":137,"column":4},"end":{"line":140,"column":5}},"line":137},"39":{"name":"(anonymous_39)","decl":{"start":{"line":142,"column":4},"end":{"line":142,"column":5}},"loc":{"start":{"line":142,"column":15},"end":{"line":142,"column":61}},"line":142}},"branchMap":{"0":{"loc":{"start":{"line":22,"column":2},"end":{"line":22,"column":49}},"type":"default-arg","locations":[{"start":{"line":22,"column":44},"end":{"line":22,"column":49}}],"line":22},"1":{"loc":{"start":{"line":26,"column":2},"end":{"line":28,"column":3}},"type":"if","locations":[{"start":{"line":26,"column":2},"end":{"line":28,"column":3}},{"start":{},"end":{}}],"line":26},"2":{"loc":{"start":{"line":30,"column":2},"end":{"line":36,"column":6}},"type":"if","locations":[{"start":{"line":30,"column":2},"end":{"line":36,"column":6}},{"start":{},"end":{}}],"line":30},"3":{"loc":{"start":{"line":38,"column":2},"end":{"line":44,"column":6}},"type":"if","locations":[{"start":{"line":38,"column":2},"end":{"line":44,"column":6}},{"start":{},"end":{}}],"line":38},"4":{"loc":{"start":{"line":46,"column":2},"end":{"line":52,"column":6}},"type":"if","locations":[{"start":{"line":46,"column":2},"end":{"line":52,"column":6}},{"start":{},"end":{}}],"line":46},"5":{"loc":{"start":{"line":54,"column":2},"end":{"line":60,"column":6}},"type":"if","locations":[{"start":{"line":54,"column":2},"end":{"line":60,"column":6}},{"start":{},"end":{}}],"line":54},"6":{"loc":{"start":{"line":86,"column":15},"end":{"line":86,"column":74}},"type":"binary-expr","locations":[{"start":{"line":86,"column":15},"end":{"line":86,"column":33}},{"start":{"line":86,"column":37},"end":{"line":86,"column":74}}],"line":86},"7":{"loc":{"start":{"line":88,"column":15},"end":{"line":88,"column":68}},"type":"binary-expr","locations":[{"start":{"line":88,"column":15},"end":{"line":88,"column":31}},{"start":{"line":88,"column":35},"end":{"line":88,"column":68}}],"line":88},"8":{"loc":{"start":{"line":90,"column":15},"end":{"line":90,"column":65}},"type":"binary-expr","locations":[{"start":{"line":90,"column":15},"end":{"line":90,"column":30}},{"start":{"line":90,"column":34},"end":{"line":90,"column":65}}],"line":90},"9":{"loc":{"start":{"line":92,"column":15},"end":{"line":92,"column":76}},"type":"binary-expr","locations":[{"start":{"line":92,"column":15},"end":{"line":92,"column":35}},{"start":{"line":92,"column":39},"end":{"line":92,"column":76}}],"line":92},"10":{"loc":{"start":{"line":94,"column":4},"end":{"line":95,"column":65}},"type":"binary-expr","locations":[{"start":{"line":94,"column":4},"end":{"line":94,"column":20}},{"start":{"line":95,"column":4},"end":{"line":95,"column":65}}],"line":94},"11":{"loc":{"start":{"line":98,"column":15},"end":{"line":98,"column":67}},"type":"binary-expr","locations":[{"start":{"line":98,"column":15},"end":{"line":98,"column":32}},{"start":{"line":98,"column":36},"end":{"line":98,"column":67}}],"line":98},"12":{"loc":{"start":{"line":100,"column":15},"end":{"line":100,"column":65}},"type":"binary-expr","locations":[{"start":{"line":100,"column":15},"end":{"line":100,"column":30}},{"start":{"line":100,"column":34},"end":{"line":100,"column":65}}],"line":100},"13":{"loc":{"start":{"line":102,"column":15},"end":{"line":102,"column":77}},"type":"binary-expr","locations":[{"start":{"line":102,"column":15},"end":{"line":102,"column":34}},{"start":{"line":102,"column":38},"end":{"line":102,"column":77}}],"line":102},"14":{"loc":{"start":{"line":104,"column":15},"end":{"line":104,"column":58}},"type":"binary-expr","locations":[{"start":{"line":104,"column":15},"end":{"line":104,"column":29}},{"start":{"line":104,"column":33},"end":{"line":104,"column":58}}],"line":104},"15":{"loc":{"start":{"line":106,"column":15},"end":{"line":106,"column":62}},"type":"binary-expr","locations":[{"start":{"line":106,"column":15},"end":{"line":106,"column":29}},{"start":{"line":106,"column":33},"end":{"line":106,"column":62}}],"line":106},"16":{"loc":{"start":{"line":108,"column":15},"end":{"line":108,"column":62}},"type":"binary-expr","locations":[{"start":{"line":108,"column":15},"end":{"line":108,"column":29}},{"start":{"line":108,"column":33},"end":{"line":108,"column":62}}],"line":108},"17":{"loc":{"start":{"line":110,"column":15},"end":{"line":110,"column":64}},"type":"binary-expr","locations":[{"start":{"line":110,"column":15},"end":{"line":110,"column":31}},{"start":{"line":110,"column":35},"end":{"line":110,"column":64}}],"line":110},"18":{"loc":{"start":{"line":112,"column":4},"end":{"line":112,"column":69}},"type":"binary-expr","locations":[{"start":{"line":112,"column":4},"end":{"line":112,"column":24}},{"start":{"line":112,"column":28},"end":{"line":112,"column":69}}],"line":112},"19":{"loc":{"start":{"line":114,"column":15},"end":{"line":114,"column":74}},"type":"binary-expr","locations":[{"start":{"line":114,"column":15},"end":{"line":114,"column":33}},{"start":{"line":114,"column":37},"end":{"line":114,"column":74}}],"line":114},"20":{"loc":{"start":{"line":116,"column":15},"end":{"line":116,"column":71}},"type":"binary-expr","locations":[{"start":{"line":116,"column":15},"end":{"line":116,"column":32}},{"start":{"line":116,"column":36},"end":{"line":116,"column":71}}],"line":116},"21":{"loc":{"start":{"line":118,"column":4},"end":{"line":124,"column":5}},"type":"binary-expr","locations":[{"start":{"line":118,"column":4},"end":{"line":118,"column":20}},{"start":{"line":119,"column":4},"end":{"line":124,"column":5}}],"line":118},"22":{"loc":{"start":{"line":127,"column":15},"end":{"line":127,"column":70}},"type":"binary-expr","locations":[{"start":{"line":127,"column":15},"end":{"line":127,"column":33}},{"start":{"line":127,"column":37},"end":{"line":127,"column":70}}],"line":127},"23":{"loc":{"start":{"line":129,"column":4},"end":{"line":135,"column":5}},"type":"binary-expr","locations":[{"start":{"line":129,"column":4},"end":{"line":129,"column":21}},{"start":{"line":130,"column":4},"end":{"line":135,"column":5}}],"line":129},"24":{"loc":{"start":{"line":137,"column":4},"end":{"line":140,"column":5}},"type":"binary-expr","locations":[{"start":{"line":137,"column":4},"end":{"line":137,"column":19}},{"start":{"line":138,"column":4},"end":{"line":140,"column":5}}],"line":137},"25":{"loc":{"start":{"line":142,"column":15},"end":{"line":142,"column":61}},"type":"binary-expr","locations":[{"start":{"line":142,"column":15},"end":{"line":142,"column":30}},{"start":{"line":142,"column":34},"end":{"line":142,"column":61}}],"line":142}},"s":{"0":1,"1":0,"2":1,"3":0,"4":1,"5":0,"6":1,"7":0,"8":1,"9":0,"10":0,"11":0,"12":0,"13":0,"14":0,"15":0,"16":0,"17":0,"18":0,"19":0,"20":0,"21":1,"22":1,"23":1,"24":0,"25":1,"26":0,"27":1,"28":0,"29":1,"30":0,"31":1,"32":0,"33":1,"34":0,"35":1,"36":0,"37":1,"38":0,"39":1,"40":0,"41":1,"42":0,"43":1,"44":0,"45":1,"46":0,"47":1,"48":0,"49":1,"50":0,"51":1,"52":1,"53":1,"54":1,"55":1,"56":1,"57":1,"58":1,"59":1,"60":1,"61":1,"62":1,"63":1,"64":1,"65":1,"66":1,"67":1,"68":1,"69":1,"70":1,"71":1},"f":{"0":0,"1":0,"2":0,"3":0,"4":0,"5":1,"6":0,"7":0,"8":0,"9":0,"10":0,"11":0,"12":0,"13":0,"14":0,"15":0,"16":0,"17":0,"18":0,"19":0,"20":1,"21":1,"22":1,"23":1,"24":1,"25":1,"26":1,"27":1,"28":1,"29":1,"30":1,"31":1,"32":1,"33":1,"34":1,"35":1,"36":1,"37":1,"38":1,"39":1},"b":{"0":[0],"1":[0,0],"2":[0,0],"3":[0,0],"4":[0,0],"5":[0,0],"6":[1,0],"7":[1,0],"8":[1,0],"9":[1,0],"10":[1,0],"11":[1,1],"12":[1,0],"13":[1,0],"14":[1,0],"15":[1,0],"16":[1,0],"17":[1,0],"18":[1,0],"19":[1,0],"20":[1,0],"21":[1,0],"22":[1,0],"23":[1,0],"24":[1,0],"25":[1,0]},"_coverageSchema":"1a1c01bbd47fc00a2c39e90264f33305004495a9","hash":"e50e10a939bbf11999b1637bc9308f38555ce614"}
,"C:\\GitHub\\docspace\\client\\packages\\shared\\components\\box\\index.tsx": {"path":"C:\\GitHub\\docspace\\client\\packages\\shared\\components\\box\\index.tsx","statementMap":{"0":{"start":{"line":6,"column":17},"end":{"line":6,"column":22}},"1":{"start":{"line":7,"column":2},"end":{"line":7,"column":69}},"2":{"start":{"line":10,"column":0},"end":{"line":12,"column":2}}},"fnMap":{"0":{"name":"Box","decl":{"start":{"line":5,"column":9},"end":{"line":5,"column":12}},"loc":{"start":{"line":5,"column":30},"end":{"line":8,"column":1}},"line":5}},"branchMap":{"0":{"loc":{"start":{"line":7,"column":35},"end":{"line":7,"column":46}},"type":"binary-expr","locations":[{"start":{"line":7,"column":35},"end":{"line":7,"column":37}},{"start":{"line":7,"column":41},"end":{"line":7,"column":46}}],"line":7}},"s":{"0":1,"1":1,"2":1},"f":{"0":1},"b":{"0":[1,1]},"_coverageSchema":"1a1c01bbd47fc00a2c39e90264f33305004495a9","hash":"654056413143c2b838055298bf9392f38e247ca3"}
,"C:\\GitHub\\docspace\\client\\packages\\shared\\components\\icon-button\\IconButton.styled.ts": {"path":"C:\\GitHub\\docspace\\client\\packages\\shared\\components\\icon-button\\IconButton.styled.ts","statementMap":{"0":{"start":{"line":5,"column":20},"end":{"line":59,"column":1}},"1":{"start":{"line":6,"column":23},"end":{"line":6,"column":62}},"2":{"start":{"line":7,"column":24},"end":{"line":7,"column":63}},"3":{"start":{"line":9,"column":4},"end":{"line":9,"column":66}},"4":{"start":{"line":14,"column":4},"end":{"line":34,"column":5}},"5":{"start":{"line":37,"column":4},"end":{"line":58,"column":5}},"6":{"start":{"line":61,"column":0},"end":{"line":61,"column":43}}},"fnMap":{"0":{"name":"(anonymous_0)","decl":{"start":{"line":6,"column":11},"end":{"line":6,"column":12}},"loc":{"start":{"line":6,"column":23},"end":{"line":6,"column":62}},"line":6},"1":{"name":"(anonymous_1)","decl":{"start":{"line":7,"column":12},"end":{"line":7,"column":13}},"loc":{"start":{"line":7,"column":24},"end":{"line":7,"column":63}},"line":7},"2":{"name":"(anonymous_2)","decl":{"start":{"line":8,"column":12},"end":{"line":8,"column":13}},"loc":{"start":{"line":9,"column":4},"end":{"line":9,"column":66}},"line":9},"3":{"name":"(anonymous_3)","decl":{"start":{"line":13,"column":4},"end":{"line":13,"column":5}},"loc":{"start":{"line":14,"column":4},"end":{"line":34,"column":5}},"line":14},"4":{"name":"(anonymous_4)","decl":{"start":{"line":36,"column":4},"end":{"line":36,"column":5}},"loc":{"start":{"line":37,"column":4},"end":{"line":58,"column":5}},"line":37}},"branchMap":{"0":{"loc":{"start":{"line":6,"column":23},"end":{"line":6,"column":62}},"type":"cond-expr","locations":[{"start":{"line":6,"column":36},"end":{"line":6,"column":53}},{"start":{"line":6,"column":56},"end":{"line":6,"column":62}}],"line":6},"1":{"loc":{"start":{"line":7,"column":24},"end":{"line":7,"column":63}},"type":"cond-expr","locations":[{"start":{"line":7,"column":37},"end":{"line":7,"column":54}},{"start":{"line":7,"column":57},"end":{"line":7,"column":63}}],"line":7},"2":{"loc":{"start":{"line":9,"column":4},"end":{"line":9,"column":66}},"type":"cond-expr","locations":[{"start":{"line":9,"column":45},"end":{"line":9,"column":54}},{"start":{"line":9,"column":57},"end":{"line":9,"column":66}}],"line":9},"3":{"loc":{"start":{"line":9,"column":4},"end":{"line":9,"column":42}},"type":"binary-expr","locations":[{"start":{"line":9,"column":4},"end":{"line":9,"column":20}},{"start":{"line":9,"column":24},"end":{"line":9,"column":42}}],"line":9},"4":{"loc":{"start":{"line":14,"column":4},"end":{"line":34,"column":5}},"type":"binary-expr","locations":[{"start":{"line":14,"column":4},"end":{"line":14,"column":18}},{"start":{"line":15,"column":4},"end":{"line":34,"column":5}}],"line":14},"5":{"loc":{"start":{"line":22,"column":20},"end":{"line":22,"column":63}},"type":"binary-expr","locations":[{"start":{"line":22,"column":20},"end":{"line":22,"column":31}},{"start":{"line":22,"column":35},"end":{"line":22,"column":63}}],"line":22},"6":{"loc":{"start":{"line":28,"column":22},"end":{"line":30,"column":64}},"type":"cond-expr","locations":[{"start":{"line":29,"column":16},"end":{"line":29,"column":44}},{"start":{"line":30,"column":16},"end":{"line":30,"column":64}}],"line":28},"7":{"loc":{"start":{"line":30,"column":16},"end":{"line":30,"column":64}},"type":"binary-expr","locations":[{"start":{"line":30,"column":16},"end":{"line":30,"column":27}},{"start":{"line":30,"column":31},"end":{"line":30,"column":64}}],"line":30},"8":{"loc":{"start":{"line":37,"column":4},"end":{"line":58,"column":5}},"type":"binary-expr","locations":[{"start":{"line":37,"column":4},"end":{"line":37,"column":16}},{"start":{"line":38,"column":4},"end":{"line":38,"column":19}},{"start":{"line":39,"column":4},"end":{"line":58,"column":5}}],"line":37},"9":{"loc":{"start":{"line":46,"column":18},"end":{"line":46,"column":61}},"type":"binary-expr","locations":[{"start":{"line":46,"column":18},"end":{"line":46,"column":29}},{"start":{"line":46,"column":33},"end":{"line":46,"column":61}}],"line":46},"10":{"loc":{"start":{"line":52,"column":20},"end":{"line":54,"column":64}},"type":"cond-expr","locations":[{"start":{"line":53,"column":16},"end":{"line":53,"column":44}},{"start":{"line":54,"column":16},"end":{"line":54,"column":64}}],"line":52},"11":{"loc":{"start":{"line":54,"column":16},"end":{"line":54,"column":64}},"type":"binary-expr","locations":[{"start":{"line":54,"column":16},"end":{"line":54,"column":27}},{"start":{"line":54,"column":31},"end":{"line":54,"column":64}}],"line":54}},"s":{"0":2,"1":2,"2":2,"3":2,"4":2,"5":2,"6":2},"f":{"0":2,"1":2,"2":2,"3":2,"4":2},"b":{"0":[2,0],"1":[2,0],"2":[2,0],"3":[2,2],"4":[2,0],"5":[0,0],"6":[0,0],"7":[0,0],"8":[2,2,2],"9":[2,1],"10":[0,2],"11":[2,1]},"_coverageSchema":"1a1c01bbd47fc00a2c39e90264f33305004495a9","hash":"dd06b11a3de71d9fb7d5536ba32839e6ba80845a"}
,"C:\\GitHub\\docspace\\client\\packages\\shared\\components\\icon-button\\index.tsx": {"path":"C:\\GitHub\\docspace\\client\\packages\\shared\\components\\icon-button\\index.tsx","statementMap":{"0":{"start":{"line":7,"column":19},"end":{"line":141,"column":1}},"1":{"start":{"line":35,"column":48},"end":{"line":35,"column":72}},"2":{"start":{"line":36,"column":50},"end":{"line":38,"column":13}},"3":{"start":{"line":40,"column":29},"end":{"line":52,"column":3}},"4":{"start":{"line":41,"column":4},"end":{"line":41,"column":27}},"5":{"start":{"line":41,"column":20},"end":{"line":41,"column":27}},"6":{"start":{"line":43,"column":4},"end":{"line":49,"column":5}},"7":{"start":{"line":44,"column":6},"end":{"line":44,"column":52}},"8":{"start":{"line":45,"column":6},"end":{"line":45,"column":47}},"9":{"start":{"line":47,"column":6},"end":{"line":47,"column":35}},"10":{"start":{"line":48,"column":6},"end":{"line":48,"column":47}},"11":{"start":{"line":51,"column":4},"end":{"line":51,"column":22}},"12":{"start":{"line":54,"column":29},"end":{"line":61,"column":3}},"13":{"start":{"line":55,"column":4},"end":{"line":55,"column":27}},"14":{"start":{"line":55,"column":20},"end":{"line":55,"column":27}},"15":{"start":{"line":57,"column":4},"end":{"line":57,"column":33}},"16":{"start":{"line":58,"column":4},"end":{"line":58,"column":31}},"17":{"start":{"line":60,"column":4},"end":{"line":60,"column":22}},"18":{"start":{"line":63,"column":28},"end":{"line":75,"column":3}},"19":{"start":{"line":64,"column":4},"end":{"line":64,"column":27}},"20":{"start":{"line":64,"column":20},"end":{"line":64,"column":27}},"21":{"start":{"line":66,"column":4},"end":{"line":72,"column":5}},"22":{"start":{"line":67,"column":6},"end":{"line":67,"column":52}},"23":{"start":{"line":68,"column":6},"end":{"line":68,"column":47}},"24":{"start":{"line":70,"column":6},"end":{"line":70,"column":35}},"25":{"start":{"line":71,"column":6},"end":{"line":71,"column":47}},"26":{"start":{"line":74,"column":4},"end":{"line":74,"column":21}},"27":{"start":{"line":77,"column":26},"end":{"line":98,"column":3}},"28":{"start":{"line":78,"column":4},"end":{"line":78,"column":27}},"29":{"start":{"line":78,"column":20},"end":{"line":78,"column":27}},"30":{"start":{"line":80,"column":4},"end":{"line":97,"column":5}},"31":{"start":{"line":82,"column":8},"end":{"line":88,"column":9}},"32":{"start":{"line":83,"column":10},"end":{"line":83,"column":56}},"33":{"start":{"line":84,"column":10},"end":{"line":84,"column":51}},"34":{"start":{"line":86,"column":10},"end":{"line":86,"column":39}},"35":{"start":{"line":87,"column":10},"end":{"line":87,"column":51}},"36":{"start":{"line":90,"column":8},"end":{"line":90,"column":23}},"37":{"start":{"line":91,"column":8},"end":{"line":91,"column":14}},"38":{"start":{"line":93,"column":8},"end":{"line":93,"column":23}},"39":{"start":{"line":94,"column":8},"end":{"line":94,"column":14}},"40":{"start":{"line":96,"column":8},"end":{"line":96,"column":14}},"41":{"start":{"line":100,"column":24},"end":{"line":103,"column":3}},"42":{"start":{"line":101,"column":4},"end":{"line":101,"column":27}},"43":{"start":{"line":101,"column":20},"end":{"line":101,"column":27}},"44":{"start":{"line":102,"column":4},"end":{"line":102,"column":17}},"45":{"start":{"line":105,"column":2},"end":{"line":108,"column":24}},"46":{"start":{"line":106,"column":4},"end":{"line":106,"column":33}},"47":{"start":{"line":107,"column":4},"end":{"line":107,"column":37}},"48":{"start":{"line":110,"column":2},"end":{"line":140,"column":4}},"49":{"start":{"line":143,"column":0},"end":{"line":150,"column":2}}},"fnMap":{"0":{"name":"(anonymous_0)","decl":{"start":{"line":7,"column":19},"end":{"line":7,"column":20}},"loc":{"start":{"line":34,"column":23},"end":{"line":141,"column":1}},"line":34},"1":{"name":"(anonymous_1)","decl":{"start":{"line":40,"column":29},"end":{"line":40,"column":30}},"loc":{"start":{"line":40,"column":54},"end":{"line":52,"column":3}},"line":40},"2":{"name":"(anonymous_2)","decl":{"start":{"line":54,"column":29},"end":{"line":54,"column":30}},"loc":{"start":{"line":54,"column":54},"end":{"line":61,"column":3}},"line":54},"3":{"name":"(anonymous_3)","decl":{"start":{"line":63,"column":28},"end":{"line":63,"column":29}},"loc":{"start":{"line":63,"column":69},"end":{"line":75,"column":3}},"line":63},"4":{"name":"(anonymous_4)","decl":{"start":{"line":77,"column":26},"end":{"line":77,"column":27}},"loc":{"start":{"line":77,"column":67},"end":{"line":98,"column":3}},"line":77},"5":{"name":"(anonymous_5)","decl":{"start":{"line":100,"column":24},"end":{"line":100,"column":25}},"loc":{"start":{"line":100,"column":65},"end":{"line":103,"column":3}},"line":100},"6":{"name":"(anonymous_6)","decl":{"start":{"line":105,"column":18},"end":{"line":105,"column":19}},"loc":{"start":{"line":105,"column":24},"end":{"line":108,"column":3}},"line":105}},"branchMap":{"0":{"loc":{"start":{"line":41,"column":4},"end":{"line":41,"column":27}},"type":"if","locations":[{"start":{"line":41,"column":4},"end":{"line":41,"column":27}},{"start":{},"end":{}}],"line":41},"1":{"loc":{"start":{"line":43,"column":4},"end":{"line":49,"column":5}},"type":"if","locations":[{"start":{"line":43,"column":4},"end":{"line":49,"column":5}},{"start":{"line":46,"column":11},"end":{"line":49,"column":5}}],"line":43},"2":{"loc":{"start":{"line":44,"column":25},"end":{"line":44,"column":50}},"type":"binary-expr","locations":[{"start":{"line":44,"column":25},"end":{"line":44,"column":38}},{"start":{"line":44,"column":42},"end":{"line":44,"column":50}}],"line":44},"3":{"loc":{"start":{"line":45,"column":26},"end":{"line":45,"column":45}},"type":"binary-expr","locations":[{"start":{"line":45,"column":26},"end":{"line":45,"column":36}},{"start":{"line":45,"column":40},"end":{"line":45,"column":45}}],"line":45},"4":{"loc":{"start":{"line":48,"column":26},"end":{"line":48,"column":45}},"type":"binary-expr","locations":[{"start":{"line":48,"column":26},"end":{"line":48,"column":36}},{"start":{"line":48,"column":40},"end":{"line":48,"column":45}}],"line":48},"5":{"loc":{"start":{"line":55,"column":4},"end":{"line":55,"column":27}},"type":"if","locations":[{"start":{"line":55,"column":4},"end":{"line":55,"column":27}},{"start":{},"end":{}}],"line":55},"6":{"loc":{"start":{"line":64,"column":4},"end":{"line":64,"column":27}},"type":"if","locations":[{"start":{"line":64,"column":4},"end":{"line":64,"column":27}},{"start":{},"end":{}}],"line":64},"7":{"loc":{"start":{"line":66,"column":4},"end":{"line":72,"column":5}},"type":"if","locations":[{"start":{"line":66,"column":4},"end":{"line":72,"column":5}},{"start":{"line":69,"column":11},"end":{"line":72,"column":5}}],"line":66},"8":{"loc":{"start":{"line":67,"column":25},"end":{"line":67,"column":50}},"type":"binary-expr","locations":[{"start":{"line":67,"column":25},"end":{"line":67,"column":38}},{"start":{"line":67,"column":42},"end":{"line":67,"column":50}}],"line":67},"9":{"loc":{"start":{"line":68,"column":26},"end":{"line":68,"column":45}},"type":"binary-expr","locations":[{"start":{"line":68,"column":26},"end":{"line":68,"column":36}},{"start":{"line":68,"column":40},"end":{"line":68,"column":45}}],"line":68},"10":{"loc":{"start":{"line":71,"column":26},"end":{"line":71,"column":45}},"type":"binary-expr","locations":[{"start":{"line":71,"column":26},"end":{"line":71,"column":36}},{"start":{"line":71,"column":40},"end":{"line":71,"column":45}}],"line":71},"11":{"loc":{"start":{"line":78,"column":4},"end":{"line":78,"column":27}},"type":"if","locations":[{"start":{"line":78,"column":4},"end":{"line":78,"column":27}},{"start":{},"end":{}}],"line":78},"12":{"loc":{"start":{"line":80,"column":4},"end":{"line":97,"column":5}},"type":"switch","locations":[{"start":{"line":81,"column":6},"end":{"line":91,"column":14}},{"start":{"line":92,"column":6},"end":{"line":94,"column":14}},{"start":{"line":95,"column":6},"end":{"line":96,"column":14}}],"line":80},"13":{"loc":{"start":{"line":82,"column":8},"end":{"line":88,"column":9}},"type":"if","locations":[{"start":{"line":82,"column":8},"end":{"line":88,"column":9}},{"start":{"line":85,"column":15},"end":{"line":88,"column":9}}],"line":82},"14":{"loc":{"start":{"line":83,"column":29},"end":{"line":83,"column":54}},"type":"binary-expr","locations":[{"start":{"line":83,"column":29},"end":{"line":83,"column":42}},{"start":{"line":83,"column":46},"end":{"line":83,"column":54}}],"line":83},"15":{"loc":{"start":{"line":84,"column":30},"end":{"line":84,"column":49}},"type":"binary-expr","locations":[{"start":{"line":84,"column":30},"end":{"line":84,"column":40}},{"start":{"line":84,"column":44},"end":{"line":84,"column":49}}],"line":84},"16":{"loc":{"start":{"line":87,"column":30},"end":{"line":87,"column":49}},"type":"binary-expr","locations":[{"start":{"line":87,"column":30},"end":{"line":87,"column":40}},{"start":{"line":87,"column":44},"end":{"line":87,"column":49}}],"line":87},"17":{"loc":{"start":{"line":101,"column":4},"end":{"line":101,"column":27}},"type":"if","locations":[{"start":{"line":101,"column":4},"end":{"line":101,"column":27}},{"start":{},"end":{}}],"line":101},"18":{"loc":{"start":{"line":107,"column":24},"end":{"line":107,"column":35}},"type":"binary-expr","locations":[{"start":{"line":107,"column":24},"end":{"line":107,"column":29}},{"start":{"line":107,"column":33},"end":{"line":107,"column":35}}],"line":107},"19":{"loc":{"start":{"line":121,"column":19},"end":{"line":121,"column":63}},"type":"binary-expr","locations":[{"start":{"line":121,"column":19},"end":{"line":121,"column":48}},{"start":{"line":121,"column":52},"end":{"line":121,"column":63}}],"line":121},"20":{"loc":{"start":{"line":133,"column":7},"end":{"line":138,"column":7}},"type":"binary-expr","locations":[{"start":{"line":133,"column":7},"end":{"line":133,"column":15}},{"start":{"line":134,"column":8},"end":{"line":137,"column":10}}],"line":133}},"s":{"0":2,"1":2,"2":2,"3":2,"4":0,"5":0,"6":0,"7":0,"8":0,"9":0,"10":0,"11":0,"12":2,"13":0,"14":0,"15":0,"16":0,"17":0,"18":2,"19":0,"20":0,"21":0,"22":0,"23":0,"24":0,"25":0,"26":0,"27":2,"28":0,"29":0,"30":0,"31":0,"32":0,"33":0,"34":0,"35":0,"36":0,"37":0,"38":0,"39":0,"40":0,"41":2,"42":0,"43":0,"44":0,"45":2,"46":1,"47":1,"48":2,"49":2},"f":{"0":2,"1":0,"2":0,"3":0,"4":0,"5":0,"6":1},"b":{"0":[0,0],"1":[0,0],"2":[0,0],"3":[0,0],"4":[0,0],"5":[0,0],"6":[0,0],"7":[0,0],"8":[0,0],"9":[0,0],"10":[0,0],"11":[0,0],"12":[0,0,0],"13":[0,0],"14":[0,0],"15":[0,0],"16":[0,0],"17":[0,0],"18":[1,1],"19":[2,2],"20":[2,2]},"_coverageSchema":"1a1c01bbd47fc00a2c39e90264f33305004495a9","hash":"f919bc08fbdd1057aad8d7e42bae577fcdffd220"}
,"C:\\GitHub\\docspace\\client\\packages\\shared\\components\\link\\Link.enums.ts": {"path":"C:\\GitHub\\docspace\\client\\packages\\shared\\components\\link\\Link.enums.ts","statementMap":{},"fnMap":{},"branchMap":{},"s":{},"f":{},"b":{},"_coverageSchema":"1a1c01bbd47fc00a2c39e90264f33305004495a9","hash":"a65e588178ca6aea31821dcec0bba3982634ac11"}
[...]
}},{"start":{"line":237,"column":6},"end":{"line":237,"column":75}}],"line":234},"31":{"loc":{"start":{"line":247,"column":2},"end":{"line":259,"column":3}},"type":"if","locations":[{"start":{"line":247,"column":2},"end":{"line":259,"column":3}},{"start":{},"end":{}}],"line":247},"32":{"loc":{"start":{"line":248,"column":4},"end":{"line":251,"column":63}},"type":"binary-expr","locations":[{"start":{"line":248,"column":4},"end":{"line":248,"column":24}},{"start":{"line":249,"column":4},"end":{"line":249,"column":28}},{"start":{"line":250,"column":5},"end":{"line":250,"column":36}},{"start":{"line":251,"column":6},"end":{"line":251,"column":62}}],"line":248},"33":{"loc":{"start":{"line":261,"column":2},"end":{"line":269,"column":3}},"type":"if","locations":[{"start":{"line":261,"column":2},"end":{"line":269,"column":3}},{"start":{},"end":{}}],"line":261},"34":{"loc":{"start":{"line":261,"column":6},"end":{"line":261,"column":65}},"type":"binary-expr","locations":[{"start":{"line":261,"column":6},"end":{"line":261,"column":30}},{"start":{"line":261,"column":34},"end":{"line":261,"column":65}}],"line":261},"35":{"loc":{"start":{"line":280,"column":2},"end":{"line":289,"column":3}},"type":"if","locations":[{"start":{"line":280,"column":2},"end":{"line":289,"column":3}},{"start":{"line":286,"column":9},"end":{"line":289,"column":3}}],"line":280},"36":{"loc":{"start":{"line":280,"column":6},"end":{"line":280,"column":66}},"type":"binary-expr","locations":[{"start":{"line":280,"column":6},"end":{"line":280,"column":20}},{"start":{"line":280,"column":25},"end":{"line":280,"column":43}},{"start":{"line":280,"column":47},"end":{"line":280,"column":65}}],"line":280},"37":{"loc":{"start":{"line":288,"column":4},"end":{"line":288,"column":68}},"type":"if","locations":[{"start":{"line":288,"column":4},"end":{"line":288,"column":68}},{"start":{},"end":{}}],"line":288},"38":{"loc":{"start":{"line":291,"column":9},"end":{"line":293,"column":34}},"type":"cond-expr","locations":[{"start":{"line":292,"column":6},"end":{"line":292,"column":66}},{"start":{"line":293,"column":6},"end":{"line":293,"column":34}}],"line":291},"39":{"loc":{"start":{"line":291,"column":9},"end":{"line":291,"column":79}},"type":"binary-expr","locations":[{"start":{"line":291,"column":9},"end":{"line":291,"column":22}},{"start":{"line":291,"column":26},"end":{"line":291,"column":49}},{"start":{"line":291,"column":53},"end":{"line":291,"column":79}}],"line":291},"40":{"loc":{"start":{"line":303,"column":2},"end":{"line":303,"column":75}},"type":"default-arg","locations":[{"start":{"line":303,"column":56},"end":{"line":303,"column":75}}],"line":303},"41":{"loc":{"start":{"line":305,"column":2},"end":{"line":306,"column":43}},"type":"if","locations":[{"start":{"line":305,"column":2},"end":{"line":306,"column":43}},{"start":{},"end":{}}],"line":305},"42":{"loc":{"start":{"line":310,"column":2},"end":{"line":312,"column":3}},"type":"if","locations":[{"start":{"line":310,"column":2},"end":{"line":312,"column":3}},{"start":{},"end":{}}],"line":310},"43":{"loc":{"start":{"line":310,"column":6},"end":{"line":310,"column":25}},"type":"binary-expr","locations":[{"start":{"line":310,"column":6},"end":{"line":310,"column":10}},{"start":{"line":310,"column":14},"end":{"line":310,"column":25}}],"line":310},"44":{"loc":{"start":{"line":333,"column":2},"end":{"line":333,"column":28}},"type":"if","locations":[{"start":{"line":333,"column":2},"end":{"line":333,"column":28}},{"start":{},"end":{}}],"line":333},"45":{"loc":{"start":{"line":336,"column":4},"end":{"line":339,"column":30}},"type":"binary-expr","locations":[{"start":{"line":336,"column":4},"end":{"line":336,"column":10}},{"start":{"line":337,"column":4},"end":{"line":337,"column":22}},{"start":{"line":338,"column":4},"end":{"line":338,"column":28}},{"start":{"line":339,"column":4},"end":{"line":339,"column":30}}],"line":336},"46":{"loc":{"start":{"line":356,"column":2},"end":{"line":358,"column":3}},"type":"if","locations":[{"start":{"line":356,"column":2},"end":{"line":358,"column":3}},{"start":{},"end":{}}],"line":356},"47":{"loc":{"start":{"line":356,"column":6},"end":{"line":356,"column":46}},"type":"binary-expr","locations":[{"start":{"line":356,"column":6},"end":{"line":356,"column":24}},{"start":{"line":356,"column":28},"end":{"line":356,"column":46}}],"line":356}},"s":{"0":9,"1":26,"2":25,"3":1,"4":24,"5":3,"6":21,"7":21,"8":43,"9":43,"10":43,"11":43,"12":21,"13":7,"14":3,"15":4,"16":3,"17":3,"18":1,"19":9,"20":25,"21":25,"22":25,"23":25,"24":25,"25":25,"26":632,"27":29,"28":28,"29":28,"30":28,"31":28,"32":28,"33":29,"34":21,"35":21,"36":21,"37":25,"38":1,"39":25,"40":9,"41":29,"42":29,"43":29,"44":29,"45":12,"46":12,"47":17,"48":29,"49":29,"50":9,"51":24,"52":24,"53":0,"54":24,"55":0,"56":24,"57":0,"58":24,"59":0,"60":24,"61":0,"62":24,"63":0,"64":24,"65":0,"66":24,"67":0,"68":24,"69":9,"70":29,"71":29,"72":29,"73":29,"74":5,"75":24,"76":24,"77":0,"78":29,"79":9,"80":27,"81":1,"82":26,"83":26,"84":1,"85":25,"86":25,"87":25,"88":29,"89":25,"90":9,"91":10,"92":10,"93":2,"94":8,"95":9,"96":8,"97":8,"98":8,"99":8,"100":8,"101":1,"102":7},"f":{"0":26,"1":43,"2":21,"3":7,"4":25,"5":29,"6":24,"7":29,"8":27,"9":10,"10":8},"b":{"0":[8],"1":[1,24],"2":[3,21],"3":[43,22],"4":[3,4],"5":[7,4],"6":[3,3,3],"7":[3,1],"8":[3,3],"9":[29,29,21,582],"10":[28,1],"11":[28,0],"12":[21,0],"13":[21,21],"14":[1,24],"15":[29,19],"16":[12,17],"17":[12,17],"18":[0,24],"19":[24,7,7],"20":[0,24],"21":[24,7,7],"22":[24,7,7],"23":[0,24],"24":[24,7,7,0],"25":[0,24],"26":[24,7,7],"27":[0,24],"28":[24,7,7,7],"29":[0,24],"30":[24,7,7,7],"31":[0,24],"32":[24,7,7,7],"33":[0,24],"34":[24,24],"35":[5,24],"36":[29,26,12],"37":[0,24],"38":[26,3],"39":[29,26,26],"40":[1],"41":[1,26],"42":[1,25],"43":[26,25],"44":[2,8],"45":[8,8,8,7],"46":[1,7],"47":[8,7]},"_coverageSchema":"1a1c01bbd47fc00a2c39e90264f33305004495a9","hash":"f65869bd9fdbc859b072c16263b448b5871ce647"}
,"C:\\GitHub\\docspace\\client\\packages\\shared\\utils\\email\\emailSettings.ts": {"path":"C:\\GitHub\\docspace\\client\\packages\\shared\\utils\\email\\emailSettings.ts","statementMap":{"0":{"start":{"line":5,"column":4},"end":{"line":5,"column":37}},"1":{"start":{"line":6,"column":4},"end":{"line":6,"column":40}},"2":{"start":{"line":7,"column":4},"end":{"line":7,"column":31}},"3":{"start":{"line":8,"column":4},"end":{"line":8,"column":37}},"4":{"start":{"line":9,"column":4},"end":{"line":9,"column":29}},"5":{"start":{"line":10,"column":4},"end":{"line":10,"column":27}},"6":{"start":{"line":11,"column":4},"end":{"line":11,"column":38}},"7":{"start":{"line":14,"column":18},"end":{"line":38,"column":3}},"8":{"start":{"line":18,"column":22},"end":{"line":18,"column":52}},"9":{"start":{"line":19,"column":22},"end":{"line":19,"column":52}},"10":{"start":{"line":20,"column":31},"end":{"line":28,"column":5}},"11":{"start":{"line":29,"column":23},"end":{"line":29,"column":48}},"12":{"start":{"line":30,"column":4},"end":{"line":36,"column":5}},"13":{"start":{"line":30,"column":17},"end":{"line":30,"column":18}},"14":{"start":{"line":31,"column":27},"end":{"line":31,"column":48}},"15":{"start":{"line":33,"column":6},"end":{"line":35,"column":7}},"16":{"start":{"line":34,"column":8},"end":{"line":34,"column":21}},"17":{"start":{"line":37,"column":4},"end":{"line":37,"column":16}},"18":{"start":{"line":41,"column":4},"end":{"line":41,"column":37}},"19":{"start":{"line":45,"column":4},"end":{"line":51,"column":5}},"20":{"start":{"line":46,"column":6},"end":{"line":46,"column":40}},"21":{"start":{"line":48,"column":6},"end":{"line":50,"column":8}},"22":{"start":{"line":55,"column":4},"end":{"line":55,"column":40}},"23":{"start":{"line":59,"column":4},"end":{"line":65,"column":5}},"24":{"start":{"line":60,"column":6},"end":{"line":60,"column":43}},"25":{"start":{"line":62,"column":6},"end":{"line":64,"column":8}},"26":{"start":{"line":69,"column":4},"end":{"line":69,"column":31}},"27":{"start":{"line":73,"column":4},"end":{"line":79,"column":5}},"28":{"start":{"line":74,"column":6},"end":{"line":74,"column":34}},"29":{"start":{"line":76,"column":6},"end":{"line":78,"column":8}},"30":{"start":{"line":83,"column":4},"end":{"line":83,"column":38}},"31":{"start":{"line":87,"column":4},"end":{"line":93,"column":5}},"32":{"start":{"line":88,"column":6},"end":{"line":88,"column":41}},"33":{"start":{"line":90,"column":6},"end":{"line":92,"column":8}},"34":{"start":{"line":97,"column":4},"end":{"line":97,"column":29}},"35":{"start":{"line":101,"column":4},"end":{"line":107,"column":5}},"36":{"start":{"line":102,"column":6},"end":{"line":102,"column":32}},"37":{"start":{"line":104,"column":6},"end":{"line":106,"column":8}},"38":{"start":{"line":111,"column":4},"end":{"line":111,"column":27}},"39":{"start":{"line":115,"column":4},"end":{"line":121,"column":5}},"40":{"start":{"line":116,"column":6},"end":{"line":116,"column":30}},"41":{"start":{"line":118,"column":6},"end":{"line":120,"column":8}},"42":{"start":{"line":125,"column":4},"end":{"line":125,"column":38}},"43":{"start":{"line":129,"column":4},"end":{"line":135,"column":5}},"44":{"start":{"line":130,"column":6},"end":{"line":130,"column":41}},"45":{"start":{"line":132,"column":6},"end":{"line":134,"column":8}},"46":{"start":{"line":139,"column":4},"end":{"line":147,"column":6}},"47":{"start":{"line":151,"column":4},"end":{"line":151,"column":36}},"48":{"start":{"line":152,"column":4},"end":{"line":152,"column":39}},"49":{"start":{"line":153,"column":4},"end":{"line":153,"column":30}},"50":{"start":{"line":154,"column":4},"end":{"line":154,"column":38}},"51":{"start":{"line":155,"column":4},"end":{"line":155,"column":28}},"52":{"start":{"line":156,"column":4},"end":{"line":156,"column":26}},"53":{"start":{"line":157,"column":4},"end":{"line":157,"column":37}},"54":{"start":{"line":160,"column":17},"end":{"line":176,"column":3}},"55":{"start":{"line":161,"column":4},"end":{"line":161,"column":59}},"56":{"start":{"line":161,"column":43},"end":{"line":161,"column":59}},"57":{"start":{"line":163,"column":4},"end":{"line":163,"column":74}},"58":{"start":{"line":163,"column":38},"end":{"line":163,"column":74}},"59":{"start":{"line":165,"column":28},"end":{"line":165,"column":47}},"60":{"start":{"line":166,"column":4},"end":{"line":173,"column":7}},"61":{"start":{"line":168,"column":6},"end":{"line":169,"column":15}},"62":{"start":{"line":169,"column":8},"end":{"line":169,"column":15}},"63":{"start":{"line":172,"column":6},"end":{"line":172,"column":43}},"64":{"start":{"line":175,"column":4},"end":{"line":175,"column":27}}},"fnMap":{"0":{"name":"(anonymous_0)","decl":{"start":{"line":4,"column":2},"end":{"line":4,"column":3}},"loc":{"start":{"line":4,"column":16},"end":{"line":12,"column":3}},"line":4},"1":{"name":"(anonymous_1)","decl":{"start":{"line":14,"column":18},"end":{"line":14,"column":19}},"loc":{"start":{"line":17,"column":7},"end":{"line":38,"column":3}},"line":17},"2":{"name":"(anonymous_2)","decl":{"start":{"line":40,"column":2},"end":{"line":40,"column":3}},"loc":{"start":{"line":40,"column":28},"end":{"line":42,"column":3}},"line":40},"3":{"name":"(anonymous_3)","decl":{"start":{"line":44,"column":2},"end":{"line":44,"column":3}},"loc":{"start":{"line":44,"column":33},"end":{"line":52,"column":3}},"line":44},"4":{"name":"(anonymous_4)","decl":{"start":{"line":54,"column":2},"end":{"line":54,"column":3}},"loc":{"start":{"line":54,"column":31},"end":{"line":56,"column":3}},"line":54},"5":{"name":"(anonymous_5)","decl":{"start":{"line":58,"column":2},"end":{"line":58,"column":3}},"loc":{"start":{"line":58,"column":36},"end":{"line":66,"column":3}},"line":58},"6":{"name":"(anonymous_6)","decl":{"start":{"line":68,"column":2},"end":{"line":68,"column":3}},"loc":{"start":{"line":68,"column":22},"end":{"line":70,"column":3}},"line":68},"7":{"name":"(anonymous_7)","decl":{"start":{"line":72,"column":2},"end":{"line":72,"column":3}},"loc":{"start":{"line":72,"column":27},"end":{"line":80,"column":3}},"line":72},"8":{"name":"(anonymous_8)","decl":{"start":{"line":82,"column":2},"end":{"line":82,"column":3}},"loc":{"start":{"line":82,"column":29},"end":{"line":84,"column":3}},"line":82},"9":{"name":"(anonymous_9)","decl":{"start":{"line":86,"column":2},"end":{"line":86,"column":3}},"loc":{"start":{"line":86,"column":34},"end":{"line":94,"column":3}},"line":86},"10":{"name":"(anonymous_10)","decl":{"start":{"line":96,"column":2},"end":{"line":96,"column":3}},"loc":{"start":{"line":96,"column":20},"end":{"line":98,"column":3}},"line":96},"11":{"name":"(anonymous_11)","decl":{"start":{"line":100,"column":2},"end":{"line":100,"column":3}},"loc":{"start":{"line":100,"column":25},"end":{"line":108,"column":3}},"line":100},"12":{"name":"(anonymous_12)","decl":{"start":{"line":110,"column":2},"end":{"line":110,"column":3}},"loc":{"start":{"line":110,"column":18},"end":{"line":112,"column":3}},"line":110},"13":{"name":"(anonymous_13)","decl":{"start":{"line":114,"column":2},"end":{"line":114,"column":3}},"loc":{"start":{"line":114,"column":23},"end":{"line":122,"column":3}},"line":114},"14":{"name":"(anonymous_14)","decl":{"start":{"line":124,"column":2},"end":{"line":124,"column":3}},"loc":{"start":{"line":124,"column":29},"end":{"line":126,"column":3}},"line":124},"15":{"name":"(anonymous_15)","decl":{"start":{"line":128,"column":2},"end":{"line":128,"column":3}},"loc":{"start":{"line":128,"column":34},"end":{"line":136,"column":3}},"line":128},"16":{"name":"(anonymous_16)","decl":{"start":{"line":138,"column":2},"end":{"line":138,"column":3}},"loc":{"start":{"line":138,"column":13},"end":{"line":148,"column":3}},"line":138},"17":{"name":"(anonymous_17)","decl":{"start":{"line":150,"column":2},"end":{"line":150,"column":3}},"loc":{"start":{"line":150,"column":23},"end":{"line":158,"column":3}},"line":150},"18":{"name":"(anonymous_18)","decl":{"start":{"line":160,"column":17},"end":{"line":160,"column":18}},"loc":{"start":{"line":160,"column":68},"end":{"line":176,"column":3}},"line":160},"19":{"name":"(anonymous_19)","decl":{"start":{"line":166,"column":34},"end":{"line":166,"column":35}},"loc":{"start":{"line":166,"column":61},"end":{"line":173,"column":5}},"line":166}},"branchMap":{"0":{"loc":{"start":{"line":33,"column":6},"end":{"line":35,"column":7}},"type":"if","locations":[{"start":{"line":33,"column":6},"end":{"line":35,"column":7}},{"start":{},"end":{}}],"line":33},"1":{"loc":{"start":{"line":45,"column":4},"end":{"line":51,"column":5}},"type":"if","locations":[{"start":{"line":45,"column":4},"end":{"line":51,"column":5}},{"start":{"line":47,"column":11},"end":{"line":51,"column":5}}],"line":45},"2":{"loc":{"start":{"line":45,"column":8},"end":{"line":45,"column":57}},"type":"binary-expr","locations":[{"start":{"line":45,"column":8},"end":{"line":45,"column":27}},{"start":{"line":45,"column":31},"end":{"line":45,"column":57}}],"line":45},"3":{"loc":{"start":{"line":59,"column":4},"end":{"line":65,"column":5}},"type":"if","locations":[{"start":{"line":59,"column":4},"end":{"line":65,"column":5}},{"start":{"line":61,"column":11},"end":{"line":65,"column":5}}],"line":59},"4":{"loc":{"start":{"line":59,"column":8},"end":{"line":59,"column":57}},"type":"binary-expr","locations":[{"start":{"line":59,"column":8},"end":{"line":59,"column":27}},{"start":{"line":59,"column":31},"end":{"line":59,"column":57}}],"line":59},"5":{"loc":{"start":{"line":73,"column":4},"end":{"line":79,"column":5}},"type":"if","locations":[{"start":{"line":73,"column":4},"end":{"line":79,"column":5}},{"start":{"line":75,"column":11},"end":{"line":79,"column":5}}],"line":73},"6":{"loc":{"start":{"line":73,"column":8},"end":{"line":73,"column":57}},"type":"binary-expr","locations":[{"start":{"line":73,"column":8},"end":{"line":73,"column":27}},{"start":{"line":73,"column":31},"end":{"line":73,"column":57}}],"line":73},"7":{"loc":{"start":{"line":87,"column":4},"end":{"line":93,"column":5}},"type":"if","locations":[{"start":{"line":87,"column":4},"end":{"line":93,"column":5}},{"start":{"line":89,"column":11},"end":{"line":93,"column":5}}],"line":87},"8":{"loc":{"start":{"line":87,"column":8},"end":{"line":87,"column":57}},"type":"binary-expr","locations":[{"start":{"line":87,"column":8},"end":{"line":87,"column":27}},{"start":{"line":87,"column":31},"end":{"line":87,"column":57}}],"line":87},"9":{"loc":{"start":{"line":101,"column":4},"end":{"line":107,"column":5}},"type":"if","locations":[{"start":{"line":101,"column":4},"end":{"line":107,"column":5}},{"start":{"line":103,"column":11},"end":{"line":107,"column":5}}],"line":101},"10":{"loc":{"start":{"line":101,"column":8},"end":{"line":101,"column":57}},"type":"binary-expr","locations":[{"start":{"line":101,"column":8},"end":{"line":101,"column":27}},{"start":{"line":101,"column":31},"end":{"line":101,"column":57}}],"line":101},"11":{"loc":{"start":{"line":115,"column":4},"end":{"line":121,"column":5}},"type":"if","locations":[{"start":{"line":115,"column":4},"end":{"line":121,"column":5}},{"start":{"line":117,"column":11},"end":{"line":121,"column":5}}],"line":115},"12":{"loc":{"start":{"line":115,"column":8},"end":{"line":115,"column":57}},"type":"binary-expr","locations":[{"start":{"line":115,"column":8},"end":{"line":115,"column":27}},{"start":{"line":115,"column":31},"end":{"line":115,"column":57}}],"line":115},"13":{"loc":{"start":{"line":129,"column":4},"end":{"line":135,"column":5}},"type":"if","locations":[{"start":{"line":129,"column":4},"end":{"line":135,"column":5}},{"start":{"line":131,"column":11},"end":{"line":135,"column":5}}],"line":129},"14":{"loc":{"start":{"line":129,"column":8},"end":{"line":129,"column":57}},"type":"binary-expr","locations":[{"start":{"line":129,"column":8},"end":{"line":129,"column":27}},{"start":{"line":129,"column":31},"end":{"line":129,"column":57}}],"line":129},"15":{"loc":{"start":{"line":161,"column":4},"end":{"line":161,"column":59}},"type":"if","locations":[{"start":{"line":161,"column":4},"end":{"line":161,"column":59}},{"start":{},"end":{}}],"line":161},"16":{"loc":{"start":{"line":163,"column":4},"end":{"line":163,"column":74}},"type":"if","locations":[{"start":{"line":163,"column":4},"end":{"line":163,"column":74}},{"start":{},"end":{}}],"line":163},"17":{"loc":{"start":{"line":168,"column":6},"end":{"line":169,"column":15}},"type":"if","locations":[{"start":{"line":168,"column":6},"end":{"line":169,"column":15}},{"start":{},"end":{}}],"line":168},"18":{"loc":{"start":{"line":168,"column":10},"end":{"line":168,"column":77}},"type":"binary-expr","locations":[{"start":{"line":168,"column":10},"end":{"line":168,"column":35}},{"start":{"line":168,"column":39},"end":{"line":168,"column":77}}],"line":168}},"s":{"0":41,"1":41,"2":41,"3":41,"4":41,"5":41,"6":41,"7":9,"8":2,"9":2,"10":2,"11":2,"12":2,"13":2,"14":11,"15":11,"16":1,"17":1,"18":42,"19":56,"20":55,"21":1,"22":35,"23":56,"24":55,"25":1,"26":59,"27":52,"28":51,"29":1,"30":36,"31":54,"32":53,"33":1,"34":33,"35":52,"36":51,"37":1,"38":21,"39":52,"40":51,"41":1,"42":40,"43":54,"44":53,"45":1,"46":3,"47":9,"48":9,"49":9,"50":9,"51":9,"52":9,"53":9,"54":9,"55":10,"56":6,"57":4,"58":0,"59":4,"60":4,"61":29,"62":18,"63":11,"64":4},"f":{"0":41,"1":2,"2":42,"3":56,"4":35,"5":56,"6":59,"7":52,"8":36,"9":54,"10":33,"11":52,"12":21,"13":52,"14":40,"15":54,"16":3,"17":9,"18":10,"19":29},"b":{"0":[1,10],"1":[55,1],"2":[56,56],"3":[55,1],"4":[56,56],"5":[51,1],"6":[52,52],"7":[53,1],"8":[54,54],"9":[51,1],"10":[52,52],"11":[51,1],"12":[52,52],"13":[53,1],"14":[54,54],"15":[6,4],"16":[0,4],"17":[18,11],"18":[29,28]},"_coverageSchema":"1a1c01bbd47fc00a2c39e90264f33305004495a9","hash":"04a5819d12b0769ee5c40afda6883b3f77cd4aee"}
,"C:\\GitHub\\docspace\\client\\packages\\shared\\utils\\email\\index.ts": {"path":"C:\\GitHub\\docspace\\client\\packages\\shared\\utils\\email\\index.ts","statementMap":{},"fnMap":{},"branchMap":{},"s":{},"f":{},"b":{},"_coverageSchema":"1a1c01bbd47fc00a2c39e90264f33305004495a9","hash":"1332c8d25d73ded1a2e0e7651b09e4ee90175cf7"}
}
