TN:
SF:components\aside\Aside.styled.tsx
FN:11,(anonymous_0)
FN:21,(anonymous_1)
FN:22,(anonymous_2)
FN:25,(anonymous_3)
FN:27,(anonymous_4)
FN:42,(anonymous_5)
FN:43,(anonymous_6)
FN:44,(anonymous_7)
FN:50,(anonymous_8)
FN:71,(anonymous_9)
FN:78,(anonymous_10)
FN:85,(anonymous_11)
FN:106,(anonymous_12)
FN:114,(anonymous_13)
FN:127,(anonymous_14)
FN:147,(anonymous_15)
FNF:16
FNH:16
FNDA:1,(anonymous_0)
FNDA:1,(anonymous_1)
FNDA:1,(anonymous_2)
FNDA:1,(anonymous_3)
FNDA:1,(anonymous_4)
FNDA:1,(anonymous_5)
FNDA:1,(anonymous_6)
FNDA:1,(anonymous_7)
FNDA:1,(anonymous_8)
FNDA:1,(anonymous_9)
FNDA:1,(anonymous_10)
FNDA:1,(anonymous_11)
FNDA:1,(anonymous_12)
FNDA:1,(anonymous_13)
FNDA:1,(anonymous_14)
FNDA:1,(anonymous_15)
DA:11,1
DA:18,1
DA:20,1
DA:21,1
DA:22,1
DA:25,1
DA:28,1
DA:42,1
DA:43,1
DA:44,1
DA:51,1
DA:71,1
DA:79,1
DA:85,1
DA:89,1
DA:91,1
DA:107,1
DA:115,1
DA:128,1
DA:140,1
DA:142,1
DA:147,1
DA:151,1
LF:23
LH:23
BRDA:28,0,0,0
BRDA:28,0,1,1
BRDA:32,1,0,0
BRDA:32,1,1,0
BRDA:32,2,0,0
BRDA:32,2,1,0
BRDA:38,3,0,1
BRDA:38,3,1,0
BRDA:38,4,0,0
BRDA:38,4,1,0
BRDA:43,5,0,0
BRDA:43,5,1,1
BRDA:51,6,0,0
BRDA:51,6,1,1
BRDA:54,7,0,0
BRDA:54,7,1,0
BRDA:54,8,0,0
BRDA:54,8,1,0
BRDA:59,9,0,1
BRDA:59,9,1,0
BRDA:59,10,0,0
BRDA:59,10,1,0
BRDA:71,11,0,1
BRDA:71,11,1,0
BRDA:79,12,0,0
BRDA:79,12,1,1
BRDA:107,13,0,0
BRDA:107,13,1,1
BRDA:115,14,0,0
BRDA:115,14,1,1
BRDA:128,15,0,0
BRDA:128,15,1,1
BRF:32
BRH:10
end_of_record
TN:
SF:components\aside\index.tsx
FN:13,(anonymous_0)
FN:30,(anonymous_1)
FN:66,(anonymous_2)
FN:71,(anonymous_3)
FNF:4
FNH:3
FNDA:1,(anonymous_0)
FNDA:0,(anonymous_1)
FNDA:1,(anonymous_2)
FNDA:1,(anonymous_3)
DA:13,1
DA:23,1
DA:24,1
DA:25,1
DA:26,1
DA:27,1
DA:29,1
DA:31,0
DA:33,0
DA:35,0
DA:36,0
DA:38,0
DA:40,0
DA:42,0
DA:46,0
DA:48,0
DA:49,0
DA:50,0
DA:52,0
DA:53,0
DA:55,0
DA:56,0
DA:60,0
DA:66,1
DA:67,1
DA:68,0
DA:69,0
DA:71,1
DA:72,1
DA:73,1
DA:77,1
DA:103,1
DA:109,1
LF:33
LH:15
BRDA:31,0,0,0
BRDA:31,0,1,0
BRDA:35,1,0,0
BRDA:35,1,1,0
BRDA:49,2,0,0
BRDA:49,2,1,0
BRDA:50,3,0,0
BRDA:50,3,1,0
BRDA:52,4,0,0
BRDA:52,4,1,0
BRDA:55,5,0,0
BRDA:55,5,1,0
BRDA:67,6,0,0
BRDA:67,6,1,1
BRDA:67,7,0,1
BRDA:67,7,1,0
BRDA:88,8,0,0
BRDA:88,8,1,1
BRDA:94,9,0,1
BRDA:94,9,1,1
BRF:20
BRH:5
end_of_record
TN:
SF:components\avatar\Avatar.enums.ts
FNF:0
FNH:0
LF:0
LH:0
BRF:0
BRH:0
end_of_record
TN:
SF:components\avatar\Avatar.styled.ts
FN:12,(anonymous_0)
FN:20,(anonymous_1)
FN:25,(anonymous_2)
FN:26,(anonymous_3)
FN:28,(anonymous_4)
FN:29,(anonymous_5)
FN:30,(anonymous_6)
FN:37,(anonymous_7)
FN:45,(anonymous_8)
FN:46,(anonymous_9)
FN:48,(anonymous_10)
FN:56,(anonymous_11)
FN:57,(anonymous_12)
FN:58,(anonymous_13)
FN:60,(anonymous_14)
FN:62,(anonymous_15)
FN:68,(anonymous_16)
FN:70,(anonymous_17)
FN:78,(anonymous_18)
FN:83,(anonymous_19)
FN:88,(anonymous_20)
FN:94,(anonymous_21)
FN:100,(anonymous_22)
FN:109,(anonymous_23)
FN:119,(anonymous_24)
FN:120,(anonymous_25)
FN:121,(anonymous_26)
FN:122,(anonymous_27)
FN:123,(anonymous_28)
FN:124,(anonymous_29)
FN:132,(anonymous_30)
FN:133,(anonymous_31)
FN:134,(anonymous_32)
FN:136,(anonymous_33)
FN:153,(anonymous_34)
FN:159,(anonymous_35)
FN:161,(anonymous_36)
FN:166,(anonymous_37)
FN:167,(anonymous_38)
FN:168,(anonymous_39)
FN:169,(anonymous_40)
FN:176,(anonymous_41)
FN:179,(anonymous_42)
FN:182,(anonymous_43)
FN:188,(anonymous_44)
FN:191,(anonymous_45)
FN:194,(anonymous_46)
FN:200,(anonymous_47)
FN:203,(anonymous_48)
FN:206,(anonymous_49)
FNF:50
FNH:37
FNDA:0,(anonymous_0)
FNDA:0,(anonymous_1)
FNDA:0,(anonymous_2)
FNDA:0,(anonymous_3)
FNDA:0,(anonymous_4)
FNDA:0,(anonymous_5)
FNDA:0,(anonymous_6)
FNDA:0,(anonymous_7)
FNDA:1,(anonymous_8)
FNDA:1,(anonymous_9)
FNDA:1,(anonymous_10)
FNDA:1,(anonymous_11)
FNDA:1,(anonymous_12)
FNDA:1,(anonymous_13)
FNDA:1,(anonymous_14)
FNDA:1,(anonymous_15)
FNDA:1,(anonymous_16)
FNDA:1,(anonymous_17)
FNDA:1,(anonymous_18)
FNDA:1,(anonymous_19)
FNDA:1,(anonymous_20)
FNDA:1,(anonymous_21)
FNDA:1,(anonymous_22)
FNDA:1,(anonymous_23)
FNDA:1,(anonymous_24)
FNDA:1,(anonymous_25)
FNDA:1,(anonymous_26)
FNDA:1,(anonymous_27)
FNDA:1,(anonymous_28)
FNDA:1,(anonymous_29)
FNDA:0,(anonymous_30)
FNDA:0,(anonymous_31)
FNDA:0,(anonymous_32)
FNDA:0,(anonymous_33)
FNDA:0,(anonymous_34)
FNDA:2,(anonymous_35)
FNDA:1,(anonymous_36)
FNDA:1,(anonymous_37)
FNDA:1,(anonymous_38)
FNDA:1,(anonymous_39)
FNDA:1,(anonymous_40)
FNDA:1,(anonymous_41)
FNDA:1,(anonymous_42)
FNDA:1,(anonymous_43)
FNDA:1,(anonymous_44)
FNDA:1,(anonymous_45)
FNDA:1,(anonymous_46)
FNDA:1,(anonymous_47)
FNDA:1,(anonymous_48)
FNDA:1,(anonymous_49)
DA:10,1
DA:12,0
DA:14,1
DA:16,1
DA:21,0
DA:25,0
DA:27,0
DA:28,0
DA:29,0
DA:30,0
DA:37,0
DA:42,1
DA:44,1
DA:45,1
DA:46,1
DA:49,1
DA:56,1
DA:57,1
DA:59,1
DA:60,1
DA:62,1
DA:66,1
DA:68,1
DA:69,1
DA:70,1
DA:71,1
DA:73,1
DA:79,1
DA:83,1
DA:89,1
DA:95,1
DA:101,1
DA:107,1
DA:109,1
DA:115,1
DA:117,1
DA:119,1
DA:120,1
DA:121,1
DA:122,1
DA:123,1
DA:124,1
DA:129,1
DA:131,1
DA:132,0
DA:133,0
DA:134,0
DA:136,0
DA:139,1
DA:141,1
DA:153,0
DA:157,1
DA:159,1
DA:160,2
DA:161,1
DA:162,1
DA:164,1
DA:166,1
DA:167,1
DA:168,1
DA:169,1
DA:176,1
DA:179,1
DA:182,1
DA:188,1
DA:191,1
DA:194,1
DA:200,1
DA:203,1
DA:206,1
DA:210,1
LF:71
LH:58
BRDA:21,0,0,0
BRDA:21,0,1,0
BRDA:49,1,0,0
BRDA:49,1,1,1
BRDA:51,2,0,1
BRDA:51,2,1,0
BRDA:79,3,0,0
BRDA:79,3,1,1
BRDA:89,4,0,1
BRDA:89,4,1,1
BRDA:89,4,2,0
BRDA:89,4,3,0
BRDA:89,4,4,0
BRDA:95,5,0,1
BRDA:95,5,1,1
BRDA:95,5,2,0
BRDA:95,5,3,0
BRDA:95,5,4,0
BRDA:101,6,0,1
BRDA:101,6,1,1
BRDA:101,6,2,0
BRDA:101,6,3,0
BRDA:101,6,4,0
BRDA:136,7,0,0
BRDA:136,7,1,0
BRF:25
BRH:9
end_of_record
TN:
SF:components\avatar\index.tsx
FN:39,(anonymous_0)
FN:57,(anonymous_1)
FN:61,(anonymous_2)
FN:66,(anonymous_3)
FN:74,(anonymous_4)
FN:117,(anonymous_5)
FNF:6
FNH:5
FNDA:1,(anonymous_0)
FNDA:1,(anonymous_1)
FNDA:2,(anonymous_2)
FNDA:1,(anonymous_3)
FNDA:1,(anonymous_4)
FNDA:0,(anonymous_5)
DA:33,1
DA:36,1
DA:39,1
DA:40,1
DA:42,0
DA:49,0
DA:53,1
DA:57,1
DA:58,1
DA:61,2
DA:66,1
DA:72,1
DA:74,1
DA:86,1
DA:88,1
DA:90,1
DA:91,1
DA:93,1
DA:94,1
DA:96,1
DA:112,1
DA:114,1
DA:115,1
DA:117,1
DA:121,0
DA:123,1
DA:167,1
LF:27
LH:24
BRDA:40,0,0,0
BRDA:40,0,1,0
BRDA:40,0,2,1
BRDA:81,1,0,1
BRDA:93,2,0,0
BRDA:93,2,1,1
BRDA:94,3,0,0
BRDA:94,3,1,1
BRDA:96,4,0,0
BRDA:96,4,1,1
BRDA:97,5,0,0
BRDA:97,5,1,0
BRDA:104,6,0,1
BRDA:104,6,1,0
BRDA:106,7,0,0
BRDA:106,7,1,0
BRDA:114,8,0,0
BRDA:114,8,1,1
BRDA:115,9,0,0
BRDA:115,9,1,1
BRDA:127,10,0,1
BRDA:127,10,1,0
BRDA:132,11,0,0
BRDA:132,11,1,1
BRDA:132,12,0,1
BRDA:132,12,1,0
BRDA:142,13,0,1
BRDA:142,13,1,1
BRDA:152,14,0,1
BRDA:152,14,1,0
BRF:30
BRH:14
end_of_record
TN:
SF:components\avatar\svg\index.ts
FNF:0
FNH:0
LF:0
LH:0
BRF:0
BRH:0
end_of_record
TN:
SF:components\box\Box.styled.ts
FN:11,(anonymous_0)
FN:13,(anonymous_1)
FN:14,(anonymous_2)
FN:15,(anonymous_3)
FN:18,(anonymous_4)
FN:65,(anonymous_5)
FN:66,(anonymous_6)
FN:67,(anonymous_7)
FN:69,(anonymous_8)
FN:70,(anonymous_9)
FN:71,(anonymous_10)
FN:72,(anonymous_11)
FN:73,(anonymous_12)
FN:75,(anonymous_13)
FN:77,(anonymous_14)
FN:79,(anonymous_15)
FN:80,(anonymous_16)
FN:81,(anonymous_17)
FN:82,(anonymous_18)
FN:83,(anonymous_19)
FN:86,(anonymous_20)
FN:88,(anonymous_21)
FN:90,(anonymous_22)
FN:92,(anonymous_23)
FN:93,(anonymous_24)
FN:98,(anonymous_25)
FN:100,(anonymous_26)
FN:102,(anonymous_27)
FN:104,(anonymous_28)
FN:106,(anonymous_29)
FN:108,(anonymous_30)
FN:110,(anonymous_31)
FN:111,(anonymous_32)
FN:114,(anonymous_33)
FN:116,(anonymous_34)
FN:117,(anonymous_35)
FN:127,(anonymous_36)
FN:128,(anonymous_37)
FN:136,(anonymous_38)
FN:142,(anonymous_39)
FNF:40
FNH:21
FNDA:0,(anonymous_0)
FNDA:0,(anonymous_1)
FNDA:0,(anonymous_2)
FNDA:0,(anonymous_3)
FNDA:0,(anonymous_4)
FNDA:1,(anonymous_5)
FNDA:0,(anonymous_6)
FNDA:0,(anonymous_7)
FNDA:0,(anonymous_8)
FNDA:0,(anonymous_9)
FNDA:0,(anonymous_10)
FNDA:0,(anonymous_11)
FNDA:0,(anonymous_12)
FNDA:0,(anonymous_13)
FNDA:0,(anonymous_14)
FNDA:0,(anonymous_15)
FNDA:0,(anonymous_16)
FNDA:0,(anonymous_17)
FNDA:0,(anonymous_18)
FNDA:0,(anonymous_19)
FNDA:1,(anonymous_20)
FNDA:1,(anonymous_21)
FNDA:1,(anonymous_22)
FNDA:1,(anonymous_23)
FNDA:1,(anonymous_24)
FNDA:1,(anonymous_25)
FNDA:1,(anonymous_26)
FNDA:1,(anonymous_27)
FNDA:1,(anonymous_28)
FNDA:1,(anonymous_29)
FNDA:1,(anonymous_30)
FNDA:1,(anonymous_31)
FNDA:1,(anonymous_32)
FNDA:1,(anonymous_33)
FNDA:1,(anonymous_34)
FNDA:1,(anonymous_35)
FNDA:1,(anonymous_36)
FNDA:1,(anonymous_37)
FNDA:1,(anonymous_38)
FNDA:1,(anonymous_39)
DA:11,1
DA:12,0
DA:13,1
DA:14,1
DA:15,1
DA:16,0
DA:18,1
DA:24,0
DA:26,0
DA:27,0
DA:30,0
DA:31,0
DA:38,0
DA:39,0
DA:46,0
DA:47,0
DA:54,0
DA:55,0
DA:62,0
DA:65,1
DA:66,1
DA:67,1
DA:68,0
DA:69,1
DA:70,1
DA:71,1
DA:72,1
DA:73,1
DA:74,0
DA:75,1
DA:76,0
DA:77,1
DA:78,0
DA:79,1
DA:80,1
DA:81,1
DA:82,1
DA:83,1
DA:85,1
DA:86,1
DA:88,1
DA:90,1
DA:92,1
DA:94,1
DA:98,1
DA:100,1
DA:102,1
DA:104,1
DA:106,1
DA:108,1
DA:110,1
DA:112,1
DA:114,1
DA:116,1
DA:118,1
DA:127,1
DA:129,1
DA:137,1
DA:142,1
LF:59
LH:41
BRDA:22,0,0,0
BRDA:26,1,0,0
BRDA:26,1,1,0
BRDA:30,2,0,0
BRDA:30,2,1,0
BRDA:38,3,0,0
BRDA:38,3,1,0
BRDA:46,4,0,0
BRDA:46,4,1,0
BRDA:54,5,0,0
BRDA:54,5,1,0
BRDA:86,6,0,1
BRDA:86,6,1,0
BRDA:88,7,0,1
BRDA:88,7,1,0
BRDA:90,8,0,1
BRDA:90,8,1,0
BRDA:92,9,0,1
BRDA:92,9,1,0
BRDA:94,10,0,1
BRDA:94,10,1,0
BRDA:98,11,0,1
BRDA:98,11,1,1
BRDA:100,12,0,1
BRDA:100,12,1,0
BRDA:102,13,0,1
BRDA:102,13,1,0
BRDA:104,14,0,1
BRDA:104,14,1,0
BRDA:106,15,0,1
BRDA:106,15,1,0
BRDA:108,16,0,1
BRDA:108,16,1,0
BRDA:110,17,0,1
BRDA:110,17,1,0
BRDA:112,18,0,1
BRDA:112,18,1,0
BRDA:114,19,0,1
BRDA:114,19,1,0
BRDA:116,20,0,1
BRDA:116,20,1,0
BRDA:118,21,0,1
BRDA:118,21,1,0
BRDA:127,22,0,1
BRDA:127,22,1,0
BRDA:129,23,0,1
BRDA:129,23,1,0
BRDA:137,24,0,1
BRDA:137,24,1,0
BRDA:142,25,0,1
BRDA:142,25,1,0
BRF:51
BRH:21
end_of_record
TN:
SF:components\box\index.tsx
FN:5,Box
FNF:1
FNH:1
FNDA:1,Box
DA:6,1
DA:7,1
DA:10,1
LF:3
LH:3
BRDA:7,0,0,1
BRDA:7,0,1,1
BRF:2
BRH:2
end_of_record
TN:
SF:components\icon-button\IconButton.styled.ts
FN:6,(anonymous_0)
FN:7,(anonymous_1)
FN:8,(anonymous_2)
FN:13,(anonymous_3)
FN:36,(anonymous_4)
FNF:5
FNH:5
FNDA:2,(anonymous_0)
FNDA:2,(anonymous_1)
FNDA:2,(anonymous_2)
FNDA:2,(anonymous_3)
FNDA:2,(anonymous_4)
DA:5,2
DA:6,2
DA:7,2
DA:9,2
DA:14,2
DA:37,2
DA:61,2
LF:7
LH:7
BRDA:6,0,0,2
BRDA:6,0,1,0
BRDA:7,1,0,2
BRDA:7,1,1,0
BRDA:9,2,0,2
BRDA:9,2,1,0
BRDA:9,3,0,2
BRDA:9,3,1,2
BRDA:14,4,0,2
BRDA:14,4,1,0
BRDA:22,5,0,0
BRDA:22,5,1,0
BRDA:28,6,0,0
BRDA:28,6,1,0
BRDA:30,7,0,0
BRDA:30,7,1,0
BRDA:37,8,0,2
BRDA:37,8,1,2
BRDA:37,8,2,2
BRDA:46,9,0,2
BRDA:46,9,1,1
BRDA:52,10,0,0
BRDA:52,10,1,2
BRDA:54,11,0,2
BRDA:54,11,1,1
BRF:25
BRH:14
end_of_record
TN:
SF:components\icon-button\index.tsx
FN:7,(anonymous_0)
FN:40,(anonymous_1)
FN:54,(anonymous_2)
FN:63,(anonymous_3)
FN:77,(anonymous_4)
FN:100,(anonymous_5)
FN:105,(anonymous_6)
FNF:7
FNH:2
FNDA:2,(anonymous_0)
FNDA:0,(anonymous_1)
FNDA:0,(anonymous_2)
FNDA:0,(anonymous_3)
FNDA:0,(anonymous_4)
FNDA:0,(anonymous_5)
FNDA:1,(anonymous_6)
DA:7,2
DA:35,2
DA:36,2
DA:40,2
DA:41,0
DA:43,0
DA:44,0
DA:45,0
DA:47,0
DA:48,0
DA:51,0
DA:54,2
DA:55,0
DA:57,0
DA:58,0
DA:60,0
DA:63,2
DA:64,0
DA:66,0
DA:67,0
DA:68,0
DA:70,0
DA:71,0
DA:74,0
DA:77,2
DA:78,0
DA:80,0
DA:82,0
DA:83,0
DA:84,0
DA:86,0
DA:87,0
DA:90,0
DA:91,0
DA:93,0
DA:94,0
DA:96,0
DA:100,2
DA:101,0
DA:102,0
DA:105,2
DA:106,1
DA:107,1
DA:110,2
DA:143,2
LF:45
LH:13
BRDA:41,0,0,0
BRDA:41,0,1,0
BRDA:43,1,0,0
BRDA:43,1,1,0
BRDA:44,2,0,0
BRDA:44,2,1,0
BRDA:45,3,0,0
BRDA:45,3,1,0
BRDA:48,4,0,0
BRDA:48,4,1,0
BRDA:55,5,0,0
BRDA:55,5,1,0
BRDA:64,6,0,0
BRDA:64,6,1,0
BRDA:66,7,0,0
BRDA:66,7,1,0
BRDA:67,8,0,0
BRDA:67,8,1,0
BRDA:68,9,0,0
BRDA:68,9,1,0
BRDA:71,10,0,0
BRDA:71,10,1,0
BRDA:78,11,0,0
BRDA:78,11,1,0
BRDA:80,12,0,0
BRDA:80,12,1,0
BRDA:80,12,2,0
BRDA:82,13,0,0
BRDA:82,13,1,0
BRDA:83,14,0,0
BRDA:83,14,1,0
BRDA:84,15,0,0
BRDA:84,15,1,0
BRDA:87,16,0,0
BRDA:87,16,1,0
BRDA:101,17,0,0
BRDA:101,17,1,0
BRDA:107,18,0,1
BRDA:107,18,1,1
BRDA:121,19,0,2
BRDA:121,19,1,2
BRDA:133,20,0,2
BRDA:133,20,1,2
BRF:43
BRH:6
end_of_record
TN:
SF:components\link\Link.enums.ts
FNF:0
FNH:0
LF:0
LH:0
BRF:0
BRH:0
end_of_record
TN:
SF:components\link\Link.styled.tsx
FN:10,(anonymous_0)
FN:15,(anonymous_1)
FN:21,(anonymous_2)
FN:28,(anonymous_3)
FN:30,(anonymous_4)
FN:37,(anonymous_5)
FN:39,(anonymous_6)
FN:40,(anonymous_7)
FN:46,(anonymous_8)
FN:49,(anonymous_9)
FN:51,(anonymous_10)
FNF:11
FNH:11
FNDA:2,(anonymous_0)
FNDA:1,(anonymous_1)
FNDA:1,(anonymous_2)
FNDA:1,(anonymous_3)
FNDA:1,(anonymous_4)
FNDA:1,(anonymous_5)
FNDA:1,(anonymous_6)
FNDA:1,(anonymous_7)
FNDA:1,(anonymous_8)
FNDA:1,(anonymous_9)
FNDA:1,(anonymous_10)
DA:9,1
DA:10,2
DA:13,1
DA:16,1
DA:21,1
DA:25,1
DA:27,1
DA:28,1
DA:31,1
DA:37,1
DA:39,1
DA:41,1
DA:46,1
DA:49,1
DA:52,1
DA:59,1
LF:16
LH:16
BRDA:10,0,0,2
BRDA:10,0,1,0
BRDA:16,1,0,1
BRDA:16,1,1,0
BRDA:31,2,0,0
BRDA:31,2,1,1
BRDA:39,3,0,1
BRDA:39,3,1,0
BRDA:41,4,0,0
BRDA:41,4,1,1
BRDA:46,5,0,1
BRDA:46,5,1,1
BRDA:49,6,0,1
BRDA:49,6,1,1
BRDA:49,6,2,0
BRDA:52,7,0,1
BRDA:52,7,1,0
BRF:17
BRH:10
end_of_record
TN:
SF:components\link\index.tsx
FN:9,(anonymous_0)
FNF:1
FNH:1
FNDA:1,(anonymous_0)
DA:9,1
DA:16,1
DA:31,1
LF:3
LH:3
BRDA:21,0,0,1
BRDA:21,0,1,1
BRF:2
BRH:2
end_of_record
TN:
SF:components\portal\index.ts
FN:11,(anonymous_0)
FN:14,(anonymous_1)
FN:22,(anonymous_2)
FNF:3
FNH:3
FNDA:2,(anonymous_0)
FNDA:2,(anonymous_1)
FNDA:2,(anonymous_2)
DA:11,2
DA:12,2
DA:14,2
DA:15,2
DA:22,2
DA:23,2
DA:24,1
DA:28,2
DA:33,2
LF:9
LH:9
BRDA:16,0,0,2
BRDA:16,0,1,2
BRDA:16,0,2,2
BRDA:23,1,0,1
BRDA:23,1,1,1
BRDA:23,2,0,2
BRDA:23,2,1,2
BRDA:28,3,0,1
BRDA:28,3,1,1
BRDA:28,4,0,2
BRDA:28,4,1,2
BRDA:29,5,0,1
BRDA:29,5,1,1
BRF:13
BRH:13
end_of_record
TN:
SF:components\scrollbar\Scrollbar.enums.ts
FNF:0
FNH:0
LF:0
LH:0
BRF:0
BRH:0
end_of_record
TN:
SF:components\scrollbar\Scrollbar.styled.ts
FN:10,(anonymous_0)
FN:20,(anonymous_1)
FN:25,(anonymous_2)
FNF:3
FNH:3
FNDA:2,(anonymous_0)
FNDA:2,(anonymous_1)
FNDA:2,(anonymous_2)
DA:5,2
DA:11,2
DA:21,2
DA:26,2
DA:32,2
LF:5
LH:5
BRDA:11,0,0,0
BRDA:11,0,1,2
BRDA:26,1,0,0
BRDA:26,1,1,2
BRF:4
BRH:2
end_of_record
TN:
SF:components\scrollbar\index.tsx
FN:100,(anonymous_0)
FN:124,(anonymous_1)
FN:130,(anonymous_2)
FN:131,(anonymous_3)
FN:136,(anonymous_4)
FN:138,(anonymous_5)
FN:143,(anonymous_6)
FN:149,(anonymous_7)
FN:167,(anonymous_8)
FN:181,(anonymous_9)
FN:182,(anonymous_10)
FNF:11
FNH:4
FNDA:2,(anonymous_0)
FNDA:0,(anonymous_1)
FNDA:0,(anonymous_2)
FNDA:0,(anonymous_3)
FNDA:0,(anonymous_4)
FNDA:0,(anonymous_5)
FNDA:0,(anonymous_6)
FNDA:0,(anonymous_7)
FNDA:4,(anonymous_8)
FNDA:2,(anonymous_9)
FNDA:2,(anonymous_10)
DA:12,2
DA:100,2
DA:110,2
DA:112,2
DA:114,2
DA:116,2
DA:117,2
DA:118,2
DA:120,2
DA:122,2
DA:124,2
DA:125,0
DA:127,0
DA:130,2
DA:131,0
DA:132,0
DA:136,2
DA:138,2
DA:139,0
DA:140,0
DA:143,2
DA:144,0
DA:146,0
DA:149,2
DA:150,0
DA:152,0
DA:155,2
DA:158,2
DA:159,2
DA:167,2
DA:170,4
DA:171,4
DA:181,2
DA:182,2
DA:183,2
DA:187,2
DA:193,2
DA:245,2
DA:247,2
LF:39
LH:29
BRDA:122,0,0,2
BRDA:122,0,1,0
BRDA:125,1,0,0
BRDA:125,1,1,0
BRDA:139,2,0,0
BRDA:139,2,1,0
BRDA:155,3,0,0
BRDA:155,3,1,2
BRDA:158,4,0,0
BRDA:158,4,1,2
BRDA:159,5,0,0
BRDA:159,5,1,2
BRDA:161,6,0,0
BRDA:161,6,1,0
BRDA:174,7,0,4
BRDA:174,7,1,0
BRDA:174,8,0,4
BRDA:174,8,1,4
BRDA:183,9,0,0
BRDA:183,9,1,2
BRDA:187,10,0,0
BRDA:187,10,1,2
BRDA:210,11,0,2
BRDA:210,11,1,2
BRDA:210,12,0,0
BRDA:210,12,1,2
BRDA:211,13,0,2
BRDA:211,13,1,0
BRDA:211,14,0,0
BRDA:211,14,1,0
BRDA:227,15,0,0
BRDA:227,15,1,2
BRDA:228,16,0,0
BRDA:228,16,1,2
BRF:34
BRH:15
end_of_record
TN:
SF:components\text\Text.styled.ts
FN:9,(anonymous_0)
FN:10,(anonymous_1)
FN:12,(anonymous_2)
FN:14,(anonymous_3)
FN:24,(anonymous_4)
FN:27,(anonymous_5)
FN:34,(anonymous_6)
FN:39,(anonymous_7)
FN:44,(anonymous_8)
FN:53,(anonymous_9)
FN:64,(anonymous_10)
FNF:11
FNH:11
FNDA:2,(anonymous_0)
FNDA:2,(anonymous_1)
FNDA:2,(anonymous_2)
FNDA:2,(anonymous_3)
FNDA:2,(anonymous_4)
FNDA:2,(anonymous_5)
FNDA:2,(anonymous_6)
FNDA:2,(anonymous_7)
FNDA:2,(anonymous_8)
FNDA:2,(anonymous_9)
FNDA:2,(anonymous_10)
DA:8,4
DA:9,2
DA:11,2
DA:13,2
DA:15,2
DA:23,4
DA:24,2
DA:28,2
DA:35,2
DA:40,2
DA:45,2
DA:54,2
DA:59,4
DA:64,2
DA:67,4
LF:15
LH:15
BRDA:11,0,0,2
BRDA:11,0,1,0
BRDA:13,1,0,0
BRDA:13,1,1,2
BRDA:15,2,0,2
BRDA:15,2,1,0
BRDA:28,3,0,0
BRDA:28,3,1,2
BRDA:30,4,0,0
BRDA:30,4,1,2
BRDA:35,5,0,2
BRDA:35,5,1,0
BRDA:40,6,0,2
BRDA:40,6,1,0
BRDA:45,7,0,0
BRDA:45,7,1,2
BRDA:49,8,0,2
BRDA:49,8,1,0
BRDA:54,9,0,2
BRDA:54,9,1,0
BRDA:64,10,0,2
BRDA:64,10,1,0
BRF:22
BRH:11
end_of_record
TN:
SF:components\text\index.tsx
FN:6,(anonymous_0)
FNF:1
FNH:1
FNDA:2,(anonymous_0)
DA:6,4
DA:16,2
DA:30,4
DA:40,4
LF:4
LH:4
BRDA:22,0,0,1
BRDA:22,0,1,1
BRDA:22,1,0,2
BRDA:22,1,1,2
BRF:4
BRH:4
end_of_record
TN:
SF:components\tooltip\Tooltip.constants.ts
FNF:0
FNH:0
DA:1,2
LF:1
LH:1
BRF:0
BRH:0
end_of_record
TN:
SF:components\tooltip\Tooltip.styled.ts
FN:7,(anonymous_0)
FN:9,(anonymous_1)
FN:10,(anonymous_2)
FN:11,(anonymous_3)
FN:12,(anonymous_4)
FN:13,(anonymous_5)
FN:14,(anonymous_6)
FN:15,(anonymous_7)
FN:16,(anonymous_8)
FN:20,(anonymous_9)
FN:27,(anonymous_10)
FN:31,(anonymous_11)
FN:34,(anonymous_12)
FN:35,(anonymous_13)
FNF:14
FNH:14
FNDA:1,(anonymous_0)
FNDA:1,(anonymous_1)
FNDA:1,(anonymous_2)
FNDA:1,(anonymous_3)
FNDA:1,(anonymous_4)
FNDA:1,(anonymous_5)
FNDA:1,(anonymous_6)
FNDA:1,(anonymous_7)
FNDA:1,(anonymous_8)
FNDA:1,(anonymous_9)
FNDA:1,(anonymous_10)
FNDA:1,(anonymous_11)
FNDA:1,(anonymous_12)
FNDA:1,(anonymous_13)
DA:5,2
DA:8,1
DA:9,1
DA:10,1
DA:11,1
DA:12,1
DA:13,1
DA:14,1
DA:15,1
DA:17,1
DA:20,1
DA:27,1
DA:31,1
DA:34,1
DA:36,1
DA:80,2
LF:16
LH:16
BRDA:8,0,0,0
BRDA:8,0,1,1
BRDA:18,1,0,0
BRDA:18,1,1,1
BRDA:36,2,0,0
BRDA:36,2,1,1
BRF:6
BRH:3
end_of_record
TN:
SF:components\tooltip\Tooltip.types.ts
FNF:0
FNH:0
LF:0
LH:0
BRF:0
BRH:0
end_of_record
TN:
SF:components\tooltip\index.tsx
FN:17,(anonymous_0)
FN:54,(anonymous_1)
FNF:2
FNH:2
FNDA:1,(anonymous_0)
FNDA:1,(anonymous_1)
DA:17,2
DA:37,1
DA:44,1
DA:49,1
DA:54,1
DA:55,1
DA:95,1
DA:97,1
LF:8
LH:8
BRDA:19,0,0,1
BRDA:33,1,0,1
BRDA:82,2,0,1
BRDA:82,2,1,1
BRF:4
BRH:4
end_of_record
TN:
SF:constants\commonStyles.ts
FNF:0
FNH:0
DA:3,8
LF:1
LH:1
BRF:0
BRH:0
end_of_record
TN:
SF:constants\globalColors.ts
FNF:0
FNH:0
DA:1,8
LF:1
LH:1
BRF:0
BRH:0
end_of_record
TN:
SF:constants\index.ts
FNF:0
FNH:0
DA:7,8
DA:21,8
DA:23,8
DA:24,8
DA:32,8
DA:38,8
LF:6
LH:6
BRF:0
BRH:0
end_of_record
TN:
SF:enums\index.ts
FNF:0
FNH:0
LF:0
LH:0
BRF:0
BRH:0
end_of_record
TN:
SF:themes\base.ts
FN:57,(anonymous_0)
FNF:1
FNH:1
FNDA:7,(anonymous_0)
DA:55,7
DA:57,7
DA:58,7
DA:3185,7
LF:4
LH:4
BRF:0
BRH:0
end_of_record
TN:
SF:themes\commonTheme.ts
FN:5,(anonymous_0)
FNF:1
FNH:1
FNDA:3,(anonymous_0)
DA:1,7
DA:6,3
DA:11,3
DA:14,0
DA:16,0
DA:17,0
DA:20,0
DA:21,0
DA:24,0
LF:9
LH:3
BRDA:6,0,0,3
BRDA:6,0,1,0
BRDA:7,1,0,3
BRDA:7,1,1,3
BRDA:7,1,2,3
BRDA:7,1,3,3
BRDA:16,2,0,0
BRDA:16,2,1,0
BRDA:20,3,0,0
BRDA:20,3,1,0
BRF:10
BRH:5
end_of_record
TN:
SF:themes\dark.ts
FNF:0
FNH:0
DA:37,7
DA:39,7
LF:2
LH:2
BRF:0
BRH:0
end_of_record
TN:
SF:themes\index.ts
FNF:0
FNH:0
LF:0
LH:0
BRF:0
BRH:0
end_of_record
TN:
SF:utils\array.ts
FN:5,(anonymous_0)
FNF:1
FNH:0
FNDA:0,(anonymous_0)
DA:5,7
DA:6,0
LF:2
LH:1
BRF:0
BRH:0
end_of_record
TN:
SF:utils\banner.ts
FN:7,getLanguage
FN:25,(anonymous_1)
FN:48,(anonymous_2)
FN:57,(anonymous_3)
FN:79,(anonymous_4)
FNF:5
FNH:0
FNDA:0,getLanguage
FNDA:0,(anonymous_1)
FNDA:0,(anonymous_2)
FNDA:0,(anonymous_3)
FNDA:0,(anonymous_4)
DA:8,0
DA:9,0
DA:11,0
DA:13,0
DA:15,0
DA:16,0
DA:19,0
DA:21,0
DA:25,7
DA:26,0
DA:27,0
DA:28,0
DA:30,0
DA:36,0
DA:42,0
DA:48,0
DA:49,0
DA:51,0
DA:53,0
DA:55,0
DA:57,0
DA:59,0
DA:61,0
DA:63,0
DA:65,0
DA:67,0
DA:68,0
DA:69,0
DA:71,0
DA:74,0
DA:78,0
DA:79,0
DA:80,0
DA:81,0
DA:85,0
DA:88,0
LF:36
LH:1
BRDA:9,0,0,0
BRDA:9,0,1,0
BRDA:11,1,0,0
BRDA:11,1,1,0
BRDA:11,2,0,0
BRDA:11,2,1,0
BRDA:15,3,0,0
BRDA:15,3,1,0
BRDA:15,4,0,0
BRDA:15,4,1,0
BRDA:28,5,0,0
BRDA:28,5,1,0
BRDA:30,6,0,0
BRDA:30,6,1,0
BRDA:32,7,0,0
BRDA:32,7,1,0
BRDA:32,8,0,0
BRDA:32,8,1,0
BRDA:36,9,0,0
BRDA:36,9,1,0
BRDA:38,10,0,0
BRDA:38,10,1,0
BRDA:42,11,0,0
BRDA:42,11,1,0
BRDA:44,12,0,0
BRDA:44,12,1,0
BRDA:49,13,0,0
BRDA:49,13,1,0
BRDA:51,14,0,0
BRDA:51,14,1,0
BRDA:53,15,0,0
BRDA:53,15,1,0
BRDA:55,16,0,0
BRDA:55,16,1,0
BRDA:61,17,0,0
BRDA:61,17,1,0
BRDA:67,18,0,0
BRDA:67,18,1,0
BRDA:68,19,0,0
BRDA:68,19,1,0
BRDA:74,20,0,0
BRDA:74,20,1,0
BRDA:74,21,0,0
BRDA:74,21,1,0
BRDA:78,22,0,0
BRDA:78,22,1,0
BRDA:80,23,0,0
BRDA:80,23,1,0
BRF:48
BRH:0
end_of_record
TN:
SF:utils\classNames.ts
FN:1,classNames
FN:15,(anonymous_1)
FN:20,(anonymous_2)
FNF:3
FNH:1
FNDA:4,classNames
FNDA:0,(anonymous_1)
FNDA:0,(anonymous_2)
DA:2,4
DA:3,4
DA:5,4
DA:6,8
DA:8,8
DA:9,4
DA:10,4
DA:12,4
DA:13,0
DA:16,0
DA:19,0
DA:20,0
DA:26,4
DA:29,0
LF:14
LH:9
BRDA:2,0,0,4
BRDA:2,0,1,0
BRDA:8,1,0,4
BRDA:8,1,1,4
BRDA:9,2,0,4
BRDA:9,2,1,0
BRDA:9,3,0,4
BRDA:9,3,1,0
BRDA:12,4,0,0
BRDA:12,4,1,4
BRDA:13,5,0,0
BRDA:13,5,1,0
BRDA:16,6,0,0
BRDA:16,6,1,0
BRDA:19,7,0,0
BRDA:19,7,1,0
BRF:16
BRH:6
end_of_record
TN:
SF:utils\common-icons-style.ts
FN:19,(anonymous_0)
FN:75,(anonymous_1)
FNF:2
FNH:0
FNDA:0,(anonymous_0)
FNDA:0,(anonymous_1)
DA:19,7
DA:20,0
DA:22,0
DA:29,0
DA:40,0
DA:51,0
DA:63,0
DA:72,7
DA:75,0
LF:9
LH:2
BRDA:20,0,0,0
BRDA:20,0,1,0
BRDA:20,0,2,0
BRDA:20,0,3,0
BRDA:20,0,4,0
BRDA:20,0,5,0
BRF:6
BRH:0
end_of_record
TN:
SF:utils\context.ts
FNF:0
FNH:0
DA:3,7
DA:5,7
DA:7,7
LF:3
LH:3
BRF:0
BRH:0
end_of_record
TN:
SF:utils\cookie.ts
FN:3,getCookie
FNF:1
FNH:0
FNDA:0,getCookie
DA:4,0
DA:11,0
LF:2
LH:0
BRDA:11,0,0,0
BRDA:11,0,1,0
BRF:2
BRH:0
end_of_record
TN:
SF:utils\device.ts
FN:3,checkIsSSR
FN:25,(anonymous_1)
FN:29,(anonymous_2)
FN:34,(anonymous_3)
FNF:4
FNH:1
FNDA:0,checkIsSSR
FNDA:2,(anonymous_1)
FNDA:0,(anonymous_2)
FNDA:0,(anonymous_3)
DA:4,0
DA:7,7
DA:13,7
DA:15,7
DA:17,7
DA:19,7
DA:21,7
DA:25,7
DA:26,2
DA:29,7
DA:30,0
DA:31,0
DA:34,7
DA:35,0
DA:36,0
DA:38,0
DA:41,7
LF:17
LH:11
BRDA:29,0,0,0
BRDA:30,1,0,0
BRDA:30,1,1,0
BRDA:31,2,0,0
BRDA:31,2,1,0
BRDA:35,3,0,0
BRDA:35,3,1,0
BRDA:42,4,0,7
BRDA:42,4,1,7
BRDA:42,4,2,7
BRDA:42,4,3,7
BRF:11
BRH:4
end_of_record
TN:
SF:utils\domHelpers.ts
FN:6,(anonymous_0)
FN:17,(anonymous_1)
FN:43,(anonymous_2)
FN:57,(anonymous_3)
FN:70,(anonymous_4)
FN:83,(anonymous_5)
FN:108,(anonymous_6)
FN:116,(anonymous_7)
FN:120,(anonymous_8)
FNF:9
FNH:0
FNDA:0,(anonymous_0)
FNDA:0,(anonymous_1)
FNDA:0,(anonymous_2)
FNDA:0,(anonymous_3)
FNDA:0,(anonymous_4)
FNDA:0,(anonymous_5)
FNDA:0,(anonymous_6)
FNDA:0,(anonymous_7)
FNDA:0,(anonymous_8)
DA:2,7
DA:7,0
DA:8,0
DA:9,0
DA:10,0
DA:11,0
DA:12,0
DA:14,0
DA:18,0
DA:19,0
DA:21,0
DA:37,0
DA:44,0
DA:45,0
DA:47,0
DA:48,0
DA:49,0
DA:52,0
DA:54,0
DA:58,0
DA:59,0
DA:60,0
DA:61,0
DA:62,0
DA:63,0
DA:65,0
DA:67,0
DA:71,0
DA:72,0
DA:73,0
DA:74,0
DA:75,0
DA:76,0
DA:78,0
DA:80,0
DA:84,0
DA:85,0
DA:86,0
DA:93,0
DA:94,0
DA:96,0
DA:97,0
DA:98,0
DA:100,0
DA:101,0
DA:103,0
DA:105,0
DA:109,0
DA:111,0
DA:113,0
DA:117,0
DA:121,0
LF:52
LH:1
BRDA:11,0,0,0
BRDA:11,0,1,0
BRDA:11,0,2,0
BRDA:12,1,0,0
BRDA:12,1,1,0
BRDA:12,1,2,0
BRDA:18,2,0,0
BRDA:18,2,1,0
BRDA:24,3,0,0
BRDA:24,3,1,0
BRDA:24,3,2,0
BRDA:24,3,3,0
BRDA:30,4,0,0
BRDA:30,4,1,0
BRDA:30,4,2,0
BRDA:30,4,3,0
BRDA:44,5,0,0
BRDA:44,5,1,0
BRDA:47,6,0,0
BRDA:47,6,1,0
BRDA:58,7,0,0
BRDA:58,7,1,0
BRDA:71,8,0,0
BRDA:71,8,1,0
BRDA:84,9,0,0
BRDA:84,9,1,0
BRDA:93,10,0,0
BRDA:93,10,1,0
BRDA:109,11,0,0
BRDA:109,11,1,0
BRDA:117,12,0,0
BRDA:117,12,1,0
BRF:32
BRH:0
end_of_record
TN:
SF:utils\event.ts
FN:1,(anonymous_0)
FNF:1
FNH:0
FNDA:0,(anonymous_0)
DA:1,7
DA:5,0
DA:6,0
DA:8,0
LF:4
LH:1
BRDA:5,0,0,0
BRDA:5,0,1,0
BRF:2
BRH:0
end_of_record
TN:
SF:utils\getCorrectDate.ts
FN:3,getCorrectDate
FNF:1
FNH:0
FNDA:0,getCorrectDate
DA:4,0
DA:6,0
DA:7,0
DA:9,0
DA:11,0
LF:5
LH:0
BRDA:4,0,0,0
BRDA:4,0,1,0
BRDA:4,1,0,0
BRDA:4,1,1,0
BRF:4
BRH:0
end_of_record
TN:
SF:utils\index.ts
FN:69,(anonymous_0)
FNF:1
FNH:0
FNDA:0,(anonymous_0)
DA:69,7
DA:70,0
LF:2
LH:1
BRDA:70,0,0,0
BRDA:70,0,1,0
BRF:2
BRH:0
end_of_record
TN:
SF:utils\objectUtils.ts
FN:2,(anonymous_0)
FNF:1
FNH:0
FNDA:0,(anonymous_0)
DA:4,0
LF:1
LH:0
BRDA:4,0,0,0
BRDA:4,0,1,0
BRF:2
BRH:0
end_of_record
TN:
SF:utils\rtlUtils.ts
FN:4,(anonymous_0)
FN:24,(anonymous_1)
FN:43,(anonymous_2)
FNF:3
FNH:1
FNDA:2,(anonymous_0)
FNDA:0,(anonymous_1)
FNDA:0,(anonymous_2)
DA:4,7
DA:8,2
DA:10,2
DA:12,0
DA:14,0
DA:16,0
DA:18,0
DA:24,7
DA:28,0
DA:30,0
DA:31,0
DA:33,0
DA:34,0
DA:36,0
DA:37,0
DA:39,0
DA:43,7
DA:47,0
DA:49,0
DA:51,0
DA:54,0
DA:58,0
DA:59,0
DA:63,0
DA:64,0
DA:68,0
DA:69,0
DA:70,0
DA:75,0
LF:29
LH:5
BRDA:8,0,0,0
BRDA:8,0,1,2
BRDA:8,1,0,0
BRDA:8,1,1,0
BRDA:10,2,0,2
BRDA:10,2,1,0
BRDA:12,3,0,0
BRDA:12,3,1,0
BRDA:12,3,2,0
BRDA:28,4,0,0
BRDA:28,4,1,0
BRDA:31,5,0,0
BRDA:31,5,1,0
BRDA:47,6,0,0
BRDA:47,6,1,0
BRDA:51,7,0,0
BRDA:51,7,1,0
BRDA:51,7,2,0
BRDA:51,7,3,0
BRDA:51,7,4,0
BRF:20
BRH:2
end_of_record
TN:
SF:utils\trimSeparator.ts
FN:3,trimSeparator
FNF:1
FNH:0
FNDA:0,trimSeparator
DA:4,0
DA:6,0
DA:7,0
DA:9,0
DA:10,0
DA:12,0
DA:13,0
DA:14,0
DA:15,0
DA:19,0
DA:21,0
LF:11
LH:0
BRDA:4,0,0,0
BRDA:4,0,1,0
BRDA:4,1,0,0
BRDA:4,1,1,0
BRDA:4,1,2,0
BRDA:12,2,0,0
BRDA:12,2,1,0
BRDA:12,3,0,0
BRDA:12,3,1,0
BRDA:13,4,0,0
BRDA:13,4,1,0
BRDA:14,5,0,0
BRDA:14,5,1,0
BRDA:19,6,0,0
BRDA:19,6,1,0
BRF:15
BRH:0
end_of_record
TN:
SF:utils\useClickOutside.ts
FN:4,(anonymous_0)
FN:9,(anonymous_1)
FN:10,(anonymous_2)
FN:16,(anonymous_3)
FNF:4
FNH:0
FNDA:0,(anonymous_0)
FNDA:0,(anonymous_1)
FNDA:0,(anonymous_2)
FNDA:0,(anonymous_3)
DA:4,7
DA:9,0
DA:10,0
DA:11,0
DA:12,0
DA:13,0
DA:15,0
DA:16,0
DA:17,0
LF:9
LH:1
BRDA:13,0,0,0
BRDA:13,0,1,0
BRDA:13,1,0,0
BRDA:13,1,1,0
BRF:4
BRH:0
end_of_record
TN:
SF:utils\useId.ts
FN:4,(anonymous_0)
FN:16,(anonymous_1)
FN:21,(anonymous_2)
FNF:3
FNH:0
FNDA:0,(anonymous_0)
FNDA:0,(anonymous_1)
FNDA:0,(anonymous_2)
DA:3,7
DA:4,7
DA:5,0
DA:7,7
DA:10,7
DA:14,7
DA:16,7
DA:17,0
DA:21,0
DA:22,0
DA:23,0
DA:24,0
DA:27,0
DA:30,0
DA:32,0
LF:15
LH:6
BRDA:10,0,0,7
BRDA:10,0,1,0
BRDA:10,1,0,7
BRDA:10,1,1,7
BRDA:16,2,0,0
BRDA:18,3,0,0
BRDA:18,3,1,0
BRDA:22,4,0,0
BRDA:22,4,1,0
BRDA:30,5,0,0
BRDA:30,5,1,0
BRDA:32,6,0,0
BRDA:32,6,1,0
BRF:13
BRH:3
end_of_record
TN:
SF:utils\email\email.ts
FN:17,(anonymous_0)
FN:59,(anonymous_1)
FN:73,(anonymous_2)
FN:77,(anonymous_3)
FN:93,(anonymous_4)
FN:132,(anonymous_5)
FN:154,(anonymous_6)
FN:274,(anonymous_7)
FN:301,(anonymous_8)
FN:331,(anonymous_9)
FN:349,(anonymous_10)
FNF:11
FNH:11
FNDA:26,(anonymous_0)
FNDA:43,(anonymous_1)
FNDA:21,(anonymous_2)
FNDA:7,(anonymous_3)
FNDA:25,(anonymous_4)
FNDA:29,(anonymous_5)
FNDA:24,(anonymous_6)
FNDA:29,(anonymous_7)
FNDA:27,(anonymous_8)
FNDA:10,(anonymous_9)
FNDA:8,(anonymous_10)
DA:17,9
DA:21,26
DA:23,25
DA:24,1
DA:33,24
DA:34,3
DA:43,21
DA:45,21
DA:68,43
DA:69,43
DA:70,43
DA:73,43
DA:74,21
DA:78,7
DA:79,3
DA:84,4
DA:85,3
DA:86,3
DA:89,1
DA:93,9
DA:94,25
DA:95,25
DA:96,25
DA:97,25
DA:98,25
DA:100,25
DA:101,632
DA:104,29
DA:105,28
DA:106,28
DA:107,28
DA:108,28
DA:110,28
DA:112,29
DA:114,21
DA:118,21
DA:120,21
DA:125,25
DA:126,1
DA:129,25
DA:132,9
DA:133,29
DA:134,29
DA:135,29
DA:140,29
DA:141,12
DA:142,12
DA:144,17
DA:147,29
DA:151,29
DA:154,9
DA:158,24
DA:160,24
DA:165,0
DA:173,24
DA:184,0
DA:192,24
DA:198,0
DA:206,24
DA:211,0
DA:219,24
DA:225,0
DA:233,24
DA:239,0
DA:247,24
DA:253,0
DA:261,24
DA:262,0
DA:271,24
DA:274,9
DA:275,29
DA:276,29
DA:278,29
DA:280,29
DA:281,5
DA:287,24
DA:288,24
DA:291,29
DA:301,9
DA:305,27
DA:306,1
DA:308,26
DA:310,26
DA:311,1
DA:314,25
DA:317,25
DA:319,25
DA:320,29
DA:323,25
DA:331,9
DA:332,10
DA:333,10
DA:335,8
DA:349,9
DA:350,8
DA:351,8
DA:353,8
DA:354,8
DA:356,8
DA:357,1
DA:360,7
LF:101
LH:93
BRDA:19,0,0,8
BRDA:23,1,0,1
BRDA:23,1,1,24
BRDA:33,2,0,3
BRDA:33,2,1,21
BRDA:68,3,0,43
BRDA:68,3,1,22
BRDA:78,4,0,3
BRDA:78,4,1,4
BRDA:78,5,0,7
BRDA:78,5,1,4
BRDA:80,6,0,3
BRDA:80,6,1,3
BRDA:80,6,2,3
BRDA:84,7,0,3
BRDA:84,7,1,1
BRDA:86,8,0,3
BRDA:86,8,1,3
BRDA:101,9,0,29
BRDA:101,9,1,29
BRDA:101,9,2,21
BRDA:101,9,3,582
BRDA:104,10,0,28
BRDA:104,10,1,1
BRDA:107,11,0,28
BRDA:107,11,1,0
BRDA:114,12,0,21
BRDA:114,12,1,0
BRDA:115,13,0,21
BRDA:115,13,1,21
BRDA:125,14,0,1
BRDA:125,14,1,24
BRDA:135,15,0,29
BRDA:135,15,1,19
BRDA:140,16,0,12
BRDA:140,16,1,17
BRDA:147,17,0,12
BRDA:147,17,1,17
BRDA:160,18,0,0
BRDA:160,18,1,24
BRDA:161,19,0,24
BRDA:161,19,1,7
BRDA:161,19,2,7
BRDA:173,20,0,0
BRDA:173,20,1,24
BRDA:174,21,0,24
BRDA:174,21,1,7
BRDA:174,21,2,7
BRDA:175,22,0,24
BRDA:175,22,1,7
BRDA:175,22,2,7
BRDA:192,23,0,0
BRDA:192,23,1,24
BRDA:193,24,0,24
BRDA:193,24,1,7
BRDA:193,24,2,7
BRDA:193,24,3,0
BRDA:206,25,0,0
BRDA:206,25,1,24
BRDA:207,26,0,24
BRDA:207,26,1,7
BRDA:207,26,2,7
BRDA:219,27,0,0
BRDA:219,27,1,24
BRDA:220,28,0,24
BRDA:220,28,1,7
BRDA:220,28,2,7
BRDA:220,28,3,7
BRDA:233,29,0,0
BRDA:233,29,1,24
BRDA:234,30,0,24
BRDA:234,30,1,7
BRDA:234,30,2,7
BRDA:234,30,3,7
BRDA:247,31,0,0
BRDA:247,31,1,24
BRDA:248,32,0,24
BRDA:248,32,1,7
BRDA:248,32,2,7
BRDA:248,32,3,7
BRDA:261,33,0,0
BRDA:261,33,1,24
BRDA:261,34,0,24
BRDA:261,34,1,24
BRDA:280,35,0,5
BRDA:280,35,1,24
BRDA:280,36,0,29
BRDA:280,36,1,26
BRDA:280,36,2,12
BRDA:288,37,0,0
BRDA:288,37,1,24
BRDA:291,38,0,26
BRDA:291,38,1,3
BRDA:291,39,0,29
BRDA:291,39,1,26
BRDA:291,39,2,26
BRDA:303,40,0,1
BRDA:305,41,0,1
BRDA:305,41,1,26
BRDA:310,42,0,1
BRDA:310,42,1,25
BRDA:310,43,0,26
BRDA:310,43,1,25
BRDA:333,44,0,2
BRDA:333,44,1,8
BRDA:336,45,0,8
BRDA:336,45,1,8
BRDA:336,45,2,8
BRDA:336,45,3,7
BRDA:356,46,0,1
BRDA:356,46,1,7
BRDA:356,47,0,8
BRDA:356,47,1,7
BRF:113
BRH:101
end_of_record
TN:
SF:utils\email\emailSettings.ts
FN:4,(anonymous_0)
FN:14,(anonymous_1)
FN:40,(anonymous_2)
FN:44,(anonymous_3)
FN:54,(anonymous_4)
FN:58,(anonymous_5)
FN:68,(anonymous_6)
FN:72,(anonymous_7)
FN:82,(anonymous_8)
FN:86,(anonymous_9)
FN:96,(anonymous_10)
FN:100,(anonymous_11)
FN:110,(anonymous_12)
FN:114,(anonymous_13)
FN:124,(anonymous_14)
FN:128,(anonymous_15)
FN:138,(anonymous_16)
FN:150,(anonymous_17)
FN:160,(anonymous_18)
FN:166,(anonymous_19)
FNF:20
FNH:20
FNDA:41,(anonymous_0)
FNDA:2,(anonymous_1)
FNDA:42,(anonymous_2)
FNDA:56,(anonymous_3)
FNDA:35,(anonymous_4)
FNDA:56,(anonymous_5)
FNDA:59,(anonymous_6)
FNDA:52,(anonymous_7)
FNDA:36,(anonymous_8)
FNDA:54,(anonymous_9)
FNDA:33,(anonymous_10)
FNDA:52,(anonymous_11)
FNDA:21,(anonymous_12)
FNDA:52,(anonymous_13)
FNDA:40,(anonymous_14)
FNDA:54,(anonymous_15)
FNDA:3,(anonymous_16)
FNDA:9,(anonymous_17)
FNDA:10,(anonymous_18)
FNDA:29,(anonymous_19)
DA:5,41
DA:6,41
DA:7,41
DA:8,41
DA:9,41
DA:10,41
DA:11,41
DA:14,9
DA:18,2
DA:19,2
DA:20,2
DA:29,2
DA:30,2
DA:31,11
DA:33,11
DA:34,1
DA:37,1
DA:41,42
DA:45,56
DA:46,55
DA:48,1
DA:55,35
DA:59,56
DA:60,55
DA:62,1
DA:69,59
DA:73,52
DA:74,51
DA:76,1
DA:83,36
DA:87,54
DA:88,53
DA:90,1
DA:97,33
DA:101,52
DA:102,51
DA:104,1
DA:111,21
DA:115,52
DA:116,51
DA:118,1
DA:125,40
DA:129,54
DA:130,53
DA:132,1
DA:139,3
DA:151,9
DA:152,9
DA:153,9
DA:154,9
DA:155,9
DA:156,9
DA:157,9
DA:160,9
DA:161,10
DA:163,4
DA:165,4
DA:166,4
DA:168,29
DA:169,18
DA:172,11
DA:175,4
LF:62
LH:62
BRDA:33,0,0,1
BRDA:33,0,1,10
BRDA:45,1,0,55
BRDA:45,1,1,1
BRDA:45,2,0,56
BRDA:45,2,1,56
BRDA:59,3,0,55
BRDA:59,3,1,1
BRDA:59,4,0,56
BRDA:59,4,1,56
BRDA:73,5,0,51
BRDA:73,5,1,1
BRDA:73,6,0,52
BRDA:73,6,1,52
BRDA:87,7,0,53
BRDA:87,7,1,1
BRDA:87,8,0,54
BRDA:87,8,1,54
BRDA:101,9,0,51
BRDA:101,9,1,1
BRDA:101,10,0,52
BRDA:101,10,1,52
BRDA:115,11,0,51
BRDA:115,11,1,1
BRDA:115,12,0,52
BRDA:115,12,1,52
BRDA:129,13,0,53
BRDA:129,13,1,1
BRDA:129,14,0,54
BRDA:129,14,1,54
BRDA:161,15,0,6
BRDA:161,15,1,4
BRDA:163,16,0,0
BRDA:163,16,1,4
BRDA:168,17,0,18
BRDA:168,17,1,11
BRDA:168,18,0,29
BRDA:168,18,1,28
BRF:38
BRH:37
end_of_record
TN:
SF:utils\email\index.ts
FNF:0
FNH:0
LF:0
LH:0
BRF:0
BRH:0
end_of_record
